TimeQuest Timing Analyzer report for ULA_JUAN_THALES
Fri Mar 24 00:11:04 2017
Quartus II 64-Bit Version 13.0.1 Build 232 06/12/2013 Service Pack 1 SJ Web Edition


---------------------
; Table of Contents ;
---------------------
  1. Legal Notice
  2. TimeQuest Timing Analyzer Summary
  3. Parallel Compilation
  4. Clocks
  5. Slow Model Fmax Summary
  6. Slow Model Setup Summary
  7. Slow Model Hold Summary
  8. Slow Model Recovery Summary
  9. Slow Model Removal Summary
 10. Slow Model Minimum Pulse Width Summary
 11. Propagation Delay
 12. Minimum Propagation Delay
 13. Fast Model Setup Summary
 14. Fast Model Hold Summary
 15. Fast Model Recovery Summary
 16. Fast Model Removal Summary
 17. Fast Model Minimum Pulse Width Summary
 18. Propagation Delay
 19. Minimum Propagation Delay
 20. Multicorner Timing Analysis Summary
 21. Progagation Delay
 22. Minimum Progagation Delay
 23. Clock Transfers
 24. Report TCCS
 25. Report RSKM
 26. Unconstrained Paths
 27. TimeQuest Timing Analyzer Messages



----------------
; Legal Notice ;
----------------
Copyright (C) 1991-2013 Altera Corporation
Your use of Altera Corporation's design tools, logic functions 
and other software and tools, and its AMPP partner logic 
functions, and any output files from any of the foregoing 
(including device programming or simulation files), and any 
associated documentation or information are expressly subject 
to the terms and conditions of the Altera Program License 
Subscription Agreement, Altera MegaCore Function License 
Agreement, or other applicable license agreement, including, 
without limitation, that your use is for the sole purpose of 
programming logic devices manufactured by Altera and sold by 
Altera or its authorized distributors.  Please refer to the 
applicable agreement for further details.



+----------------------------------------------------------------------------------------+
; TimeQuest Timing Analyzer Summary                                                      ;
+--------------------+-------------------------------------------------------------------+
; Quartus II Version ; Version 13.0.1 Build 232 06/12/2013 Service Pack 1 SJ Web Edition ;
; Revision Name      ; ULA_JUAN_THALES                                                   ;
; Device Family      ; Cyclone II                                                        ;
; Device Name        ; EP2C35F672C6                                                      ;
; Timing Models      ; Final                                                             ;
; Delay Model        ; Combined                                                          ;
; Rise/Fall Delays   ; Unavailable                                                       ;
+--------------------+-------------------------------------------------------------------+


Parallel compilation was disabled, but you have multiple processors available. Enable parallel compilation to reduce compilation time.
+-------------------------------------+
; Parallel Compilation                ;
+----------------------------+--------+
; Processors                 ; Number ;
+----------------------------+--------+
; Number detected on machine ; 8      ;
; Maximum allowed            ; 1      ;
+----------------------------+--------+


----------
; Clocks ;
----------
No clocks to report.


---------------------------
; Slow Model Fmax Summary ;
---------------------------
No paths to report.


----------------------------
; Slow Model Setup Summary ;
----------------------------
No paths to report.


---------------------------
; Slow Model Hold Summary ;
---------------------------
No paths to report.


-------------------------------
; Slow Model Recovery Summary ;
-------------------------------
No paths to report.


------------------------------
; Slow Model Removal Summary ;
------------------------------
No paths to report.


------------------------------------------
; Slow Model Minimum Pulse Width Summary ;
------------------------------------------
No paths to report.


+--------------------------------------------------------------+
; Propagation Delay                                            ;
+------------+-------------+--------+--------+--------+--------+
; Input Port ; Output Port ; RR     ; RF     ; FR     ; FF     ;
+------------+-------------+--------+--------+--------+--------+
; a[0]       ; n           ; 16.770 ; 16.770 ; 16.770 ; 16.770 ;
; a[0]       ; s[0]        ; 18.233 ; 18.233 ; 18.233 ; 18.233 ;
; a[0]       ; s[1]        ; 18.197 ; 18.197 ; 18.197 ; 18.197 ;
; a[0]       ; s[2]        ; 18.207 ; 18.207 ; 18.207 ; 18.207 ;
; a[0]       ; s[3]        ; 16.397 ; 16.397 ; 16.397 ; 16.397 ;
; a[0]       ; s[4]        ; 16.390 ; 16.390 ; 16.390 ; 16.390 ;
; a[0]       ; s[5]        ; 17.976 ; 17.976 ; 17.976 ; 17.976 ;
; a[0]       ; s[6]        ; 17.977 ; 17.977 ; 17.977 ; 17.977 ;
; a[0]       ; s[13]       ; 16.823 ; 16.823 ; 16.823 ; 16.823 ;
; a[0]       ; saida[0]    ; 14.682 ; 14.682 ; 14.682 ; 14.682 ;
; a[0]       ; saida[1]    ; 16.597 ; 16.597 ; 16.597 ; 16.597 ;
; a[0]       ; saida[2]    ; 15.366 ; 15.366 ; 15.366 ; 15.366 ;
; a[0]       ; saida[3]    ; 16.262 ; 16.262 ; 16.262 ; 16.262 ;
; a[0]       ; v           ; 15.435 ; 15.435 ; 15.435 ; 15.435 ;
; a[0]       ; z           ; 18.174 ; 18.174 ; 18.174 ; 18.174 ;
; a[1]       ; n           ; 17.698 ; 17.698 ; 17.698 ; 17.698 ;
; a[1]       ; s[0]        ; 19.161 ; 19.161 ; 19.161 ; 19.161 ;
; a[1]       ; s[1]        ; 19.125 ; 19.125 ; 19.125 ; 19.125 ;
; a[1]       ; s[2]        ; 19.135 ; 19.135 ; 19.135 ; 19.135 ;
; a[1]       ; s[3]        ; 15.952 ; 15.952 ; 15.952 ; 15.952 ;
; a[1]       ; s[4]        ; 15.945 ; 15.945 ; 15.945 ; 15.945 ;
; a[1]       ; s[5]        ; 18.904 ; 18.904 ; 18.904 ; 18.904 ;
; a[1]       ; s[6]        ; 18.905 ; 18.905 ; 18.905 ; 18.905 ;
; a[1]       ; s[13]       ; 17.751 ; 17.751 ; 17.751 ; 17.751 ;
; a[1]       ; saida[1]    ; 16.152 ; 16.152 ; 16.152 ; 16.152 ;
; a[1]       ; saida[2]    ; 14.918 ; 14.918 ; 14.918 ; 14.918 ;
; a[1]       ; saida[3]    ; 17.190 ; 17.190 ; 17.190 ; 17.190 ;
; a[1]       ; v           ; 16.187 ; 16.187 ; 16.187 ; 16.187 ;
; a[1]       ; z           ; 19.102 ; 19.102 ; 19.102 ; 19.102 ;
; a[2]       ; n           ; 16.652 ; 16.652 ; 16.652 ; 16.652 ;
; a[2]       ; s[0]        ; 18.115 ; 18.115 ; 18.115 ; 18.115 ;
; a[2]       ; s[1]        ; 18.079 ; 18.079 ; 18.079 ; 18.079 ;
; a[2]       ; s[2]        ; 18.089 ; 18.089 ; 18.089 ; 18.089 ;
; a[2]       ; s[3]        ; 15.277 ; 15.277 ; 15.277 ; 15.277 ;
; a[2]       ; s[4]        ; 15.287 ; 15.287 ; 15.287 ; 15.287 ;
; a[2]       ; s[5]        ; 17.858 ; 17.858 ; 17.858 ; 17.858 ;
; a[2]       ; s[6]        ; 17.859 ; 17.859 ; 17.859 ; 17.859 ;
; a[2]       ; s[13]       ; 16.705 ; 16.705 ; 16.705 ; 16.705 ;
; a[2]       ; saida[2]    ; 14.299 ; 14.299 ; 14.299 ; 14.299 ;
; a[2]       ; saida[3]    ; 16.144 ; 16.144 ; 16.144 ; 16.144 ;
; a[2]       ; v           ; 15.141 ; 15.141 ; 15.141 ; 15.141 ;
; a[2]       ; z           ; 18.056 ; 18.056 ; 18.056 ; 18.056 ;
; a[3]       ; n           ; 16.028 ; 16.028 ; 16.028 ; 16.028 ;
; a[3]       ; s[0]        ; 17.491 ; 17.491 ; 17.491 ; 17.491 ;
; a[3]       ; s[1]        ; 17.455 ; 17.455 ; 17.455 ; 17.455 ;
; a[3]       ; s[2]        ; 17.465 ; 17.465 ; 17.465 ; 17.465 ;
; a[3]       ; s[5]        ; 17.234 ; 17.234 ; 17.234 ; 17.234 ;
; a[3]       ; s[6]        ; 17.235 ; 17.235 ; 17.235 ; 17.235 ;
; a[3]       ; s[13]       ; 16.081 ; 16.081 ; 16.081 ; 16.081 ;
; a[3]       ; saida[3]    ; 15.520 ; 15.520 ; 15.520 ; 15.520 ;
; a[3]       ; v           ; 14.419 ; 14.419 ; 14.419 ; 14.419 ;
; a[3]       ; z           ; 17.432 ; 17.432 ; 17.432 ; 17.432 ;
; b[0]       ; n           ; 13.803 ; 13.803 ; 13.803 ; 13.803 ;
; b[0]       ; s[0]        ; 15.266 ; 15.266 ; 15.266 ; 15.266 ;
; b[0]       ; s[1]        ; 15.230 ; 15.230 ; 15.230 ; 15.230 ;
; b[0]       ; s[2]        ; 15.240 ; 15.240 ; 15.240 ; 15.240 ;
; b[0]       ; s[3]        ; 12.410 ; 12.410 ; 12.410 ; 12.410 ;
; b[0]       ; s[4]        ; 12.403 ; 12.403 ; 12.403 ; 12.403 ;
; b[0]       ; s[5]        ; 15.009 ; 15.009 ; 15.009 ; 15.009 ;
; b[0]       ; s[6]        ; 15.010 ; 15.010 ; 15.010 ; 15.010 ;
; b[0]       ; s[13]       ; 13.856 ; 13.856 ; 13.856 ; 13.856 ;
; b[0]       ; saida[0]    ; 10.655 ; 10.655 ; 10.655 ; 10.655 ;
; b[0]       ; saida[1]    ; 12.610 ; 12.610 ; 12.610 ; 12.610 ;
; b[0]       ; saida[2]    ; 11.384 ; 11.384 ; 11.384 ; 11.384 ;
; b[0]       ; saida[3]    ; 13.295 ; 13.295 ; 13.295 ; 13.295 ;
; b[0]       ; v           ; 12.292 ; 12.292 ; 12.292 ; 12.292 ;
; b[0]       ; z           ; 15.207 ; 15.207 ; 15.207 ; 15.207 ;
; b[1]       ; n           ; 13.504 ; 13.504 ; 13.504 ; 13.504 ;
; b[1]       ; s[0]        ; 14.967 ; 14.967 ; 14.967 ; 14.967 ;
; b[1]       ; s[1]        ; 14.931 ; 14.931 ; 14.931 ; 14.931 ;
; b[1]       ; s[2]        ; 14.941 ; 14.941 ; 14.941 ; 14.941 ;
; b[1]       ; s[3]        ; 12.647 ; 12.647 ; 12.647 ; 12.647 ;
; b[1]       ; s[4]        ; 12.640 ; 12.640 ; 12.640 ; 12.640 ;
; b[1]       ; s[5]        ; 14.710 ; 14.710 ; 14.710 ; 14.710 ;
; b[1]       ; s[6]        ; 14.711 ; 14.711 ; 14.711 ; 14.711 ;
; b[1]       ; s[13]       ; 13.557 ; 13.557 ; 13.557 ; 13.557 ;
; b[1]       ; saida[0]    ; 10.629 ; 10.629 ; 10.629 ; 10.629 ;
; b[1]       ; saida[1]    ; 12.847 ; 12.847 ; 12.847 ; 12.847 ;
; b[1]       ; saida[2]    ; 11.619 ; 11.619 ; 11.619 ; 11.619 ;
; b[1]       ; saida[3]    ; 12.996 ; 12.996 ; 12.996 ; 12.996 ;
; b[1]       ; v           ; 11.993 ; 11.993 ; 11.993 ; 11.993 ;
; b[1]       ; z           ; 14.908 ; 14.908 ; 14.908 ; 14.908 ;
; b[2]       ; n           ; 12.682 ; 12.682 ; 12.682 ; 12.682 ;
; b[2]       ; s[0]        ; 14.145 ; 14.145 ; 14.145 ; 14.145 ;
; b[2]       ; s[1]        ; 14.109 ; 14.109 ; 14.109 ; 14.109 ;
; b[2]       ; s[2]        ; 14.119 ; 14.119 ; 14.119 ; 14.119 ;
; b[2]       ; s[3]        ; 11.632 ; 11.632 ; 11.632 ; 11.632 ;
; b[2]       ; s[4]        ; 11.642 ; 11.642 ; 11.642 ; 11.642 ;
; b[2]       ; s[5]        ; 13.888 ; 13.888 ; 13.888 ; 13.888 ;
; b[2]       ; s[6]        ; 13.889 ; 13.889 ; 13.889 ; 13.889 ;
; b[2]       ; s[13]       ; 12.735 ; 12.735 ; 12.735 ; 12.735 ;
; b[2]       ; saida[1]    ; 10.081 ;        ;        ; 10.081 ;
; b[2]       ; saida[2]    ; 10.654 ; 10.654 ; 10.654 ; 10.654 ;
; b[2]       ; saida[3]    ; 12.174 ; 12.174 ; 12.174 ; 12.174 ;
; b[2]       ; v           ; 10.719 ; 10.719 ; 10.719 ; 10.719 ;
; b[2]       ; z           ; 14.086 ; 14.086 ; 14.086 ; 14.086 ;
; b[3]       ; n           ; 16.194 ; 16.194 ; 16.194 ; 16.194 ;
; b[3]       ; s[0]        ; 17.657 ; 17.657 ; 17.657 ; 17.657 ;
; b[3]       ; s[1]        ; 17.621 ; 17.621 ; 17.621 ; 17.621 ;
; b[3]       ; s[2]        ; 17.631 ; 17.631 ; 17.631 ; 17.631 ;
; b[3]       ; s[3]        ; 13.583 ; 13.583 ; 13.583 ; 13.583 ;
; b[3]       ; s[4]        ; 13.593 ;        ;        ; 13.593 ;
; b[3]       ; s[5]        ; 17.400 ; 17.400 ; 17.400 ; 17.400 ;
; b[3]       ; s[6]        ; 17.401 ; 17.401 ; 17.401 ; 17.401 ;
; b[3]       ; s[13]       ; 16.247 ; 16.247 ; 16.247 ; 16.247 ;
; b[3]       ; saida[2]    ; 12.605 ;        ;        ; 12.605 ;
; b[3]       ; saida[3]    ; 15.686 ; 15.686 ; 15.686 ; 15.686 ;
; b[3]       ; v           ; 13.724 ; 13.724 ; 13.724 ; 13.724 ;
; b[3]       ; z           ; 17.598 ; 17.598 ; 17.598 ; 17.598 ;
; f[0]       ; n           ; 16.514 ; 16.514 ; 16.514 ; 16.514 ;
; f[0]       ; s[0]        ; 17.977 ; 17.977 ; 17.977 ; 17.977 ;
; f[0]       ; s[1]        ; 17.941 ; 17.941 ; 17.941 ; 17.941 ;
; f[0]       ; s[2]        ; 17.951 ; 17.951 ; 17.951 ; 17.951 ;
; f[0]       ; s[3]        ; 14.914 ; 14.914 ; 14.914 ; 14.914 ;
; f[0]       ; s[4]        ; 14.907 ; 14.907 ; 14.907 ; 14.907 ;
; f[0]       ; s[5]        ; 17.720 ; 17.720 ; 17.720 ; 17.720 ;
; f[0]       ; s[6]        ; 17.721 ; 17.721 ; 17.721 ; 17.721 ;
; f[0]       ; s[13]       ; 16.567 ; 16.567 ; 16.567 ; 16.567 ;
; f[0]       ; saida[0]    ; 13.066 ; 13.066 ; 13.066 ; 13.066 ;
; f[0]       ; saida[1]    ; 15.114 ; 15.114 ; 15.114 ; 15.114 ;
; f[0]       ; saida[2]    ; 13.886 ; 13.886 ; 13.886 ; 13.886 ;
; f[0]       ; saida[3]    ; 16.006 ; 16.006 ; 16.006 ; 16.006 ;
; f[0]       ; v           ; 15.003 ; 15.003 ; 15.003 ; 15.003 ;
; f[0]       ; z           ; 17.918 ; 17.918 ; 17.918 ; 17.918 ;
; f[1]       ; n           ; 16.368 ; 16.368 ; 16.368 ; 16.368 ;
; f[1]       ; s[0]        ; 17.831 ; 17.831 ; 17.831 ; 17.831 ;
; f[1]       ; s[1]        ; 17.795 ; 17.795 ; 17.795 ; 17.795 ;
; f[1]       ; s[2]        ; 17.805 ; 17.805 ; 17.805 ; 17.805 ;
; f[1]       ; s[3]        ; 14.807 ; 14.807 ; 14.807 ; 14.807 ;
; f[1]       ; s[4]        ; 14.800 ; 14.800 ; 14.800 ; 14.800 ;
; f[1]       ; s[5]        ; 17.574 ; 17.574 ; 17.574 ; 17.574 ;
; f[1]       ; s[6]        ; 17.575 ; 17.575 ; 17.575 ; 17.575 ;
; f[1]       ; s[13]       ; 16.421 ; 16.421 ; 16.421 ; 16.421 ;
; f[1]       ; saida[0]    ; 12.961 ; 12.961 ; 12.961 ; 12.961 ;
; f[1]       ; saida[1]    ; 15.007 ; 15.007 ; 15.007 ; 15.007 ;
; f[1]       ; saida[2]    ; 13.779 ; 13.779 ; 13.779 ; 13.779 ;
; f[1]       ; saida[3]    ; 15.860 ; 15.860 ; 15.860 ; 15.860 ;
; f[1]       ; v           ; 14.857 ; 14.857 ; 14.857 ; 14.857 ;
; f[1]       ; z           ; 17.772 ; 17.772 ; 17.772 ; 17.772 ;
; f[2]       ; n           ; 16.209 ; 16.209 ; 16.209 ; 16.209 ;
; f[2]       ; s[0]        ; 17.672 ; 17.672 ; 17.672 ; 17.672 ;
; f[2]       ; s[1]        ; 17.636 ; 17.636 ; 17.636 ; 17.636 ;
; f[2]       ; s[2]        ; 17.646 ; 17.646 ; 17.646 ; 17.646 ;
; f[2]       ; s[3]        ; 15.197 ; 15.197 ; 15.197 ; 15.197 ;
; f[2]       ; s[4]        ; 15.190 ; 15.190 ; 15.190 ; 15.190 ;
; f[2]       ; s[5]        ; 17.415 ; 17.415 ; 17.415 ; 17.415 ;
; f[2]       ; s[6]        ; 17.416 ; 17.416 ; 17.416 ; 17.416 ;
; f[2]       ; s[13]       ; 16.262 ; 16.262 ; 16.262 ; 16.262 ;
; f[2]       ; saida[0]    ; 13.403 ; 13.403 ; 13.403 ; 13.403 ;
; f[2]       ; saida[1]    ; 15.397 ; 15.397 ; 15.397 ; 15.397 ;
; f[2]       ; saida[2]    ; 14.169 ; 14.169 ; 14.169 ; 14.169 ;
; f[2]       ; saida[3]    ; 15.701 ; 15.701 ; 15.701 ; 15.701 ;
; f[2]       ; v           ; 14.698 ; 14.698 ; 14.698 ; 14.698 ;
; f[2]       ; z           ; 17.613 ; 17.613 ; 17.613 ; 17.613 ;
; f[3]       ; n           ; 15.544 ; 15.544 ; 15.544 ; 15.544 ;
; f[3]       ; s[0]        ; 17.007 ; 17.007 ; 17.007 ; 17.007 ;
; f[3]       ; s[1]        ; 16.971 ; 16.971 ; 16.971 ; 16.971 ;
; f[3]       ; s[2]        ; 16.981 ; 16.981 ; 16.981 ; 16.981 ;
; f[3]       ; s[3]        ; 14.251 ; 14.251 ; 14.251 ; 14.251 ;
; f[3]       ; s[4]        ; 14.244 ; 14.244 ; 14.244 ; 14.244 ;
; f[3]       ; s[5]        ; 16.750 ; 16.750 ; 16.750 ; 16.750 ;
; f[3]       ; s[6]        ; 16.751 ; 16.751 ; 16.751 ; 16.751 ;
; f[3]       ; s[13]       ; 15.597 ; 15.597 ; 15.597 ; 15.597 ;
; f[3]       ; saida[0]    ; 12.431 ; 12.431 ; 12.431 ; 12.431 ;
; f[3]       ; saida[1]    ; 14.451 ; 14.451 ; 14.451 ; 14.451 ;
; f[3]       ; saida[2]    ; 13.223 ; 13.223 ; 13.223 ; 13.223 ;
; f[3]       ; saida[3]    ; 15.036 ; 15.036 ; 15.036 ; 15.036 ;
; f[3]       ; v           ; 14.033 ; 14.033 ; 14.033 ; 14.033 ;
; f[3]       ; z           ; 16.948 ; 16.948 ; 16.948 ; 16.948 ;
+------------+-------------+--------+--------+--------+--------+


+--------------------------------------------------------------+
; Minimum Propagation Delay                                    ;
+------------+-------------+--------+--------+--------+--------+
; Input Port ; Output Port ; RR     ; RF     ; FR     ; FF     ;
+------------+-------------+--------+--------+--------+--------+
; a[0]       ; n           ; 16.518 ; 16.518 ; 16.518 ; 16.518 ;
; a[0]       ; s[0]        ; 13.466 ; 13.466 ; 13.466 ; 13.466 ;
; a[0]       ; s[1]        ; 13.441 ; 13.441 ; 13.441 ; 13.441 ;
; a[0]       ; s[2]        ; 13.418 ; 13.418 ; 13.418 ; 13.418 ;
; a[0]       ; s[3]        ; 13.219 ; 13.219 ; 13.219 ; 13.219 ;
; a[0]       ; s[4]        ; 13.229 ; 13.904 ; 13.904 ; 13.229 ;
; a[0]       ; s[5]        ; 13.217 ; 13.217 ; 13.217 ; 13.217 ;
; a[0]       ; s[6]        ; 13.219 ; 13.219 ; 13.219 ; 13.219 ;
; a[0]       ; s[13]       ; 16.571 ; 16.571 ; 16.571 ; 16.571 ;
; a[0]       ; saida[0]    ; 14.129 ; 14.154 ; 14.154 ; 14.129 ;
; a[0]       ; saida[1]    ; 14.893 ; 14.893 ; 14.893 ; 14.893 ;
; a[0]       ; saida[2]    ; 12.241 ; 13.659 ; 13.659 ; 12.241 ;
; a[0]       ; saida[3]    ; 16.010 ; 16.010 ; 16.010 ; 16.010 ;
; a[0]       ; v           ; 14.108 ; 14.108 ; 14.108 ; 14.108 ;
; a[0]       ; z           ; 14.123 ; 13.449 ; 13.449 ; 14.123 ;
; a[1]       ; n           ; 15.505 ; 16.160 ; 16.160 ; 15.505 ;
; a[1]       ; s[0]        ; 13.680 ; 13.680 ; 13.680 ; 13.680 ;
; a[1]       ; s[1]        ; 13.650 ; 13.650 ; 13.650 ; 13.650 ;
; a[1]       ; s[2]        ; 13.658 ; 13.658 ; 13.658 ; 13.658 ;
; a[1]       ; s[3]        ; 13.431 ; 13.431 ; 13.431 ; 13.431 ;
; a[1]       ; s[4]        ; 13.424 ; 13.424 ; 13.424 ; 13.424 ;
; a[1]       ; s[5]        ; 13.409 ; 13.409 ; 13.409 ; 13.409 ;
; a[1]       ; s[6]        ; 13.410 ; 13.410 ; 13.410 ; 13.410 ;
; a[1]       ; s[13]       ; 16.213 ; 15.558 ; 15.558 ; 16.213 ;
; a[1]       ; saida[1]    ; 13.631 ; 13.631 ; 13.631 ; 13.631 ;
; a[1]       ; saida[2]    ; 13.557 ; 13.557 ; 13.557 ; 13.557 ;
; a[1]       ; saida[3]    ; 14.997 ; 15.652 ; 15.652 ; 14.997 ;
; a[1]       ; v           ; 14.419 ; 14.419 ; 14.419 ; 14.419 ;
; a[1]       ; z           ; 13.643 ; 13.643 ; 13.643 ; 13.643 ;
; a[2]       ; n           ; 15.538 ; 15.538 ; 15.538 ; 15.538 ;
; a[2]       ; s[0]        ; 13.104 ; 13.104 ; 13.104 ; 13.104 ;
; a[2]       ; s[1]        ; 13.079 ; 13.079 ; 13.079 ; 13.079 ;
; a[2]       ; s[2]        ; 13.056 ; 13.056 ; 13.056 ; 13.056 ;
; a[2]       ; s[3]        ; 12.857 ; 12.857 ; 12.857 ; 12.857 ;
; a[2]       ; s[4]        ; 12.867 ; 13.583 ; 13.583 ; 12.867 ;
; a[2]       ; s[5]        ; 12.855 ; 12.855 ; 12.855 ; 12.855 ;
; a[2]       ; s[6]        ; 12.857 ; 12.857 ; 12.857 ; 12.857 ;
; a[2]       ; s[13]       ; 15.591 ; 15.591 ; 15.591 ; 15.591 ;
; a[2]       ; saida[2]    ; 11.879 ; 12.595 ; 12.595 ; 11.879 ;
; a[2]       ; saida[3]    ; 15.030 ; 15.030 ; 15.030 ; 15.030 ;
; a[2]       ; v           ; 13.142 ; 13.142 ; 13.142 ; 13.142 ;
; a[2]       ; z           ; 13.803 ; 13.087 ; 13.087 ; 13.803 ;
; a[3]       ; n           ; 14.399 ; 14.432 ; 14.432 ; 14.399 ;
; a[3]       ; s[0]        ; 15.862 ; 15.862 ; 15.862 ; 15.862 ;
; a[3]       ; s[1]        ; 15.826 ; 15.826 ; 15.826 ; 15.826 ;
; a[3]       ; s[2]        ; 15.836 ; 15.836 ; 15.836 ; 15.836 ;
; a[3]       ; s[5]        ; 15.605 ; 15.605 ; 15.605 ; 15.605 ;
; a[3]       ; s[6]        ; 15.639 ; 15.606 ; 15.606 ; 15.639 ;
; a[3]       ; s[13]       ; 14.485 ; 14.452 ; 14.452 ; 14.485 ;
; a[3]       ; saida[3]    ; 13.891 ; 13.924 ; 13.924 ; 13.891 ;
; a[3]       ; v           ; 12.853 ; 12.853 ; 12.853 ; 12.853 ;
; a[3]       ; z           ; 15.836 ; 15.803 ; 15.803 ; 15.836 ;
; b[0]       ; n           ; 11.903 ; 11.903 ; 11.903 ; 11.903 ;
; b[0]       ; s[0]        ; 10.131 ; 10.131 ; 10.131 ; 10.131 ;
; b[0]       ; s[1]        ; 10.099 ; 10.099 ; 10.099 ; 10.099 ;
; b[0]       ; s[2]        ; 10.069 ; 10.097 ; 10.097 ; 10.069 ;
; b[0]       ; s[3]        ; 9.883  ; 9.883  ; 9.883  ; 9.883  ;
; b[0]       ; s[4]        ; 9.905  ; 9.877  ; 9.877  ; 9.905  ;
; b[0]       ; s[5]        ; 9.891  ; 9.863  ; 9.863  ; 9.891  ;
; b[0]       ; s[6]        ; 9.891  ; 9.863  ; 9.863  ; 9.891  ;
; b[0]       ; s[13]       ; 11.956 ; 11.956 ; 11.956 ; 11.956 ;
; b[0]       ; saida[0]    ; 10.155 ; 10.127 ; 10.127 ; 10.155 ;
; b[0]       ; saida[1]    ; 10.402 ; 10.402 ; 10.402 ; 10.402 ;
; b[0]       ; saida[2]    ; 9.080  ; 9.080  ; 9.080  ; 9.080  ;
; b[0]       ; saida[3]    ; 11.395 ; 11.395 ; 11.395 ; 11.395 ;
; b[0]       ; v           ; 10.864 ; 10.864 ; 10.864 ; 10.864 ;
; b[0]       ; z           ; 10.096 ; 10.124 ; 10.124 ; 10.096 ;
; b[1]       ; n           ; 12.087 ; 12.087 ; 12.087 ; 12.087 ;
; b[1]       ; s[0]        ; 9.461  ; 9.461  ; 9.461  ; 9.461  ;
; b[1]       ; s[1]        ; 9.431  ; 9.431  ; 9.431  ; 9.431  ;
; b[1]       ; s[2]        ; 9.439  ; 9.711  ; 9.711  ; 9.439  ;
; b[1]       ; s[3]        ; 9.212  ; 9.212  ; 9.212  ; 9.212  ;
; b[1]       ; s[4]        ; 9.477  ; 9.205  ; 9.205  ; 9.477  ;
; b[1]       ; s[5]        ; 9.190  ; 9.190  ; 9.190  ; 9.190  ;
; b[1]       ; s[6]        ; 9.191  ; 9.191  ; 9.191  ; 9.191  ;
; b[1]       ; s[13]       ; 12.140 ; 12.140 ; 12.140 ; 12.140 ;
; b[1]       ; saida[0]    ; 10.629 ; 10.629 ; 10.629 ; 10.629 ;
; b[1]       ; saida[1]    ; 9.412  ; 9.684  ; 9.684  ; 9.412  ;
; b[1]       ; saida[2]    ; 8.919  ; 8.919  ; 8.919  ; 8.919  ;
; b[1]       ; saida[3]    ; 11.579 ; 11.579 ; 11.579 ; 11.579 ;
; b[1]       ; v           ; 10.485 ; 10.485 ; 10.485 ; 10.485 ;
; b[1]       ; z           ; 9.696  ; 9.424  ; 9.424  ; 9.696  ;
; b[2]       ; n           ; 11.266 ; 11.266 ; 11.266 ; 11.266 ;
; b[2]       ; s[0]        ; 9.294  ; 9.294  ; 9.294  ; 9.294  ;
; b[2]       ; s[1]        ; 9.269  ; 9.269  ; 9.269  ; 9.269  ;
; b[2]       ; s[2]        ; 9.246  ; 9.246  ; 9.246  ; 9.246  ;
; b[2]       ; s[3]        ; 9.047  ; 9.047  ; 9.047  ; 9.047  ;
; b[2]       ; s[4]        ; 9.057  ; 9.874  ; 9.874  ; 9.057  ;
; b[2]       ; s[5]        ; 9.045  ; 9.045  ; 9.045  ; 9.045  ;
; b[2]       ; s[6]        ; 9.047  ; 9.047  ; 9.047  ; 9.047  ;
; b[2]       ; s[13]       ; 11.319 ; 11.319 ; 11.319 ; 11.319 ;
; b[2]       ; saida[1]    ; 10.081 ;        ;        ; 10.081 ;
; b[2]       ; saida[2]    ; 8.069  ; 9.007  ; 9.007  ; 8.069  ;
; b[2]       ; saida[3]    ; 10.758 ; 10.758 ; 10.758 ; 10.758 ;
; b[2]       ; v           ; 8.653  ; 8.653  ; 8.653  ; 8.653  ;
; b[2]       ; z           ; 10.215 ; 9.277  ; 9.277  ; 10.215 ;
; b[3]       ; n           ; 14.559 ; 14.783 ; 14.783 ; 14.559 ;
; b[3]       ; s[0]        ; 13.830 ; 13.830 ; 13.830 ; 13.830 ;
; b[3]       ; s[1]        ; 13.805 ; 13.805 ; 13.805 ; 13.805 ;
; b[3]       ; s[2]        ; 13.782 ; 13.782 ; 13.782 ; 13.782 ;
; b[3]       ; s[3]        ; 13.583 ; 13.583 ; 13.583 ; 13.583 ;
; b[3]       ; s[4]        ; 13.593 ;        ;        ; 13.593 ;
; b[3]       ; s[5]        ; 13.581 ; 13.581 ; 13.581 ; 13.581 ;
; b[3]       ; s[6]        ; 13.583 ; 13.583 ; 13.583 ; 13.583 ;
; b[3]       ; s[13]       ; 14.836 ; 14.612 ; 14.612 ; 14.836 ;
; b[3]       ; saida[2]    ; 12.605 ;        ;        ; 12.605 ;
; b[3]       ; saida[3]    ; 14.051 ; 14.275 ; 14.275 ; 14.051 ;
; b[3]       ; v           ; 12.774 ; 12.774 ; 12.774 ; 12.774 ;
; b[3]       ; z           ; 16.187 ; 13.813 ; 13.813 ; 16.187 ;
; f[0]       ; n           ; 12.266 ; 12.266 ; 12.266 ; 12.266 ;
; f[0]       ; s[0]        ; 10.646 ; 10.646 ; 10.646 ; 10.646 ;
; f[0]       ; s[1]        ; 10.621 ; 10.621 ; 10.621 ; 10.621 ;
; f[0]       ; s[2]        ; 10.598 ; 10.598 ; 10.598 ; 10.598 ;
; f[0]       ; s[3]        ; 10.399 ; 10.399 ; 10.399 ; 10.399 ;
; f[0]       ; s[4]        ; 10.409 ; 10.409 ; 10.409 ; 10.409 ;
; f[0]       ; s[5]        ; 10.397 ; 10.397 ; 10.397 ; 10.397 ;
; f[0]       ; s[6]        ; 10.399 ; 10.399 ; 10.399 ; 10.399 ;
; f[0]       ; s[13]       ; 12.319 ; 12.319 ; 12.319 ; 12.319 ;
; f[0]       ; saida[0]    ; 11.693 ; 11.693 ; 11.693 ; 11.693 ;
; f[0]       ; saida[1]    ; 11.652 ; 11.383 ; 11.383 ; 11.652 ;
; f[0]       ; saida[2]    ; 9.421  ; 9.421  ; 9.421  ; 9.421  ;
; f[0]       ; saida[3]    ; 11.758 ; 11.758 ; 11.758 ; 11.758 ;
; f[0]       ; v           ; 10.299 ; 10.299 ; 10.299 ; 10.299 ;
; f[0]       ; z           ; 10.629 ; 10.629 ; 10.629 ; 10.629 ;
; f[1]       ; n           ; 11.703 ; 11.703 ; 11.703 ; 11.703 ;
; f[1]       ; s[0]        ; 11.117 ; 11.117 ; 11.117 ; 11.117 ;
; f[1]       ; s[1]        ; 11.087 ; 11.087 ; 11.087 ; 11.087 ;
; f[1]       ; s[2]        ; 11.111 ; 11.095 ; 11.095 ; 11.111 ;
; f[1]       ; s[3]        ; 10.868 ; 10.868 ; 10.868 ; 10.868 ;
; f[1]       ; s[4]        ; 10.861 ; 10.922 ; 10.922 ; 10.861 ;
; f[1]       ; s[5]        ; 10.846 ; 10.846 ; 10.846 ; 10.846 ;
; f[1]       ; s[6]        ; 10.847 ; 10.847 ; 10.847 ; 10.847 ;
; f[1]       ; s[13]       ; 11.756 ; 11.756 ; 11.756 ; 11.756 ;
; f[1]       ; saida[0]    ; 11.587 ; 11.587 ; 11.587 ; 11.587 ;
; f[1]       ; saida[1]    ; 11.930 ; 11.068 ; 11.068 ; 11.930 ;
; f[1]       ; saida[2]    ; 10.126 ; 9.934  ; 9.934  ; 10.126 ;
; f[1]       ; saida[3]    ; 11.195 ; 11.195 ; 11.195 ; 11.195 ;
; f[1]       ; v           ; 10.100 ; 10.100 ; 10.100 ; 10.100 ;
; f[1]       ; z           ; 11.080 ; 11.334 ; 11.334 ; 11.080 ;
; f[2]       ; n           ; 11.859 ; 11.710 ; 11.710 ; 11.859 ;
; f[2]       ; s[0]        ; 10.666 ; 10.666 ; 10.666 ; 10.666 ;
; f[2]       ; s[1]        ; 10.641 ; 10.641 ; 10.641 ; 10.641 ;
; f[2]       ; s[2]        ; 10.618 ; 10.618 ; 10.618 ; 10.618 ;
; f[2]       ; s[3]        ; 10.419 ; 10.419 ; 10.419 ; 10.419 ;
; f[2]       ; s[4]        ; 10.429 ; 10.429 ; 10.429 ; 10.429 ;
; f[2]       ; s[5]        ; 10.417 ; 10.417 ; 10.417 ; 10.417 ;
; f[2]       ; s[6]        ; 10.419 ; 10.419 ; 10.419 ; 10.419 ;
; f[2]       ; s[13]       ; 11.763 ; 11.912 ; 11.912 ; 11.763 ;
; f[2]       ; saida[0]    ; 12.000 ; 12.000 ; 12.000 ; 12.000 ;
; f[2]       ; saida[1]    ; 11.503 ; 11.503 ; 11.503 ; 11.503 ;
; f[2]       ; saida[2]    ; 9.441  ; 9.441  ; 9.441  ; 9.441  ;
; f[2]       ; saida[3]    ; 11.351 ; 11.202 ; 11.202 ; 11.351 ;
; f[2]       ; v           ; 11.564 ; 10.018 ; 10.018 ; 11.564 ;
; f[2]       ; z           ; 10.649 ; 10.649 ; 10.649 ; 10.649 ;
; f[3]       ; n           ; 10.785 ; 10.785 ; 10.785 ; 10.785 ;
; f[3]       ; s[0]        ; 6.458  ; 6.458  ; 6.458  ; 6.458  ;
; f[3]       ; s[1]        ; 6.428  ; 6.428  ; 6.428  ; 6.428  ;
; f[3]       ; s[2]        ; 9.255  ; 6.436  ; 6.436  ; 9.255  ;
; f[3]       ; s[3]        ; 6.209  ; 6.209  ; 6.209  ; 6.209  ;
; f[3]       ; s[4]        ; 6.202  ; 9.066  ; 9.066  ; 6.202  ;
; f[3]       ; s[5]        ; 6.187  ; 6.187  ; 6.187  ; 6.187  ;
; f[3]       ; s[6]        ; 6.188  ; 6.188  ; 6.188  ; 6.188  ;
; f[3]       ; s[13]       ; 10.838 ; 10.838 ; 10.838 ; 10.838 ;
; f[3]       ; saida[0]    ; 11.058 ; 11.058 ; 11.058 ; 11.058 ;
; f[3]       ; saida[1]    ; 9.944  ; 6.409  ; 6.409  ; 9.944  ;
; f[3]       ; saida[2]    ; 8.078  ; 8.078  ; 8.078  ; 8.078  ;
; f[3]       ; saida[3]    ; 10.277 ; 10.277 ; 10.277 ; 10.277 ;
; f[3]       ; v           ; 10.287 ; 9.400  ; 9.400  ; 10.287 ;
; f[3]       ; z           ; 6.421  ; 9.286  ; 9.286  ; 6.421  ;
+------------+-------------+--------+--------+--------+--------+


----------------------------
; Fast Model Setup Summary ;
----------------------------
No paths to report.


---------------------------
; Fast Model Hold Summary ;
---------------------------
No paths to report.


-------------------------------
; Fast Model Recovery Summary ;
-------------------------------
No paths to report.


------------------------------
; Fast Model Removal Summary ;
------------------------------
No paths to report.


------------------------------------------
; Fast Model Minimum Pulse Width Summary ;
------------------------------------------
No paths to report.


+----------------------------------------------------------+
; Propagation Delay                                        ;
+------------+-------------+-------+-------+-------+-------+
; Input Port ; Output Port ; RR    ; RF    ; FR    ; FF    ;
+------------+-------------+-------+-------+-------+-------+
; a[0]       ; n           ; 8.788 ; 8.788 ; 8.788 ; 8.788 ;
; a[0]       ; s[0]        ; 9.431 ; 9.431 ; 9.431 ; 9.431 ;
; a[0]       ; s[1]        ; 9.393 ; 9.393 ; 9.393 ; 9.393 ;
; a[0]       ; s[2]        ; 9.404 ; 9.404 ; 9.404 ; 9.404 ;
; a[0]       ; s[3]        ; 8.528 ; 8.528 ; 8.528 ; 8.528 ;
; a[0]       ; s[4]        ; 8.531 ; 8.531 ; 8.531 ; 8.531 ;
; a[0]       ; s[5]        ; 9.304 ; 9.304 ; 9.304 ; 9.304 ;
; a[0]       ; s[6]        ; 9.304 ; 9.304 ; 9.304 ; 9.304 ;
; a[0]       ; s[13]       ; 8.775 ; 8.775 ; 8.775 ; 8.775 ;
; a[0]       ; saida[0]    ; 7.836 ; 7.836 ; 7.836 ; 7.836 ;
; a[0]       ; saida[1]    ; 8.575 ; 8.575 ; 8.575 ; 8.575 ;
; a[0]       ; saida[2]    ; 8.083 ; 8.083 ; 8.083 ; 8.083 ;
; a[0]       ; saida[3]    ; 8.551 ; 8.551 ; 8.551 ; 8.551 ;
; a[0]       ; v           ; 8.092 ; 8.092 ; 8.092 ; 8.092 ;
; a[0]       ; z           ; 9.413 ; 9.413 ; 9.413 ; 9.413 ;
; a[1]       ; n           ; 9.193 ; 9.193 ; 9.193 ; 9.193 ;
; a[1]       ; s[0]        ; 9.836 ; 9.836 ; 9.836 ; 9.836 ;
; a[1]       ; s[1]        ; 9.798 ; 9.798 ; 9.798 ; 9.798 ;
; a[1]       ; s[2]        ; 9.809 ; 9.809 ; 9.809 ; 9.809 ;
; a[1]       ; s[3]        ; 8.321 ; 8.321 ; 8.321 ; 8.321 ;
; a[1]       ; s[4]        ; 8.324 ; 8.324 ; 8.324 ; 8.324 ;
; a[1]       ; s[5]        ; 9.709 ; 9.709 ; 9.709 ; 9.709 ;
; a[1]       ; s[6]        ; 9.709 ; 9.709 ; 9.709 ; 9.709 ;
; a[1]       ; s[13]       ; 9.180 ; 9.180 ; 9.180 ; 9.180 ;
; a[1]       ; saida[1]    ; 8.369 ; 8.369 ; 8.369 ; 8.369 ;
; a[1]       ; saida[2]    ; 7.876 ; 7.876 ; 7.876 ; 7.876 ;
; a[1]       ; saida[3]    ; 8.956 ; 8.956 ; 8.956 ; 8.956 ;
; a[1]       ; v           ; 8.415 ; 8.415 ; 8.415 ; 8.415 ;
; a[1]       ; z           ; 9.818 ; 9.818 ; 9.818 ; 9.818 ;
; a[2]       ; n           ; 8.736 ; 8.736 ; 8.736 ; 8.736 ;
; a[2]       ; s[0]        ; 9.379 ; 9.379 ; 9.379 ; 9.379 ;
; a[2]       ; s[1]        ; 9.341 ; 9.341 ; 9.341 ; 9.341 ;
; a[2]       ; s[2]        ; 9.352 ; 9.352 ; 9.352 ; 9.352 ;
; a[2]       ; s[3]        ; 8.070 ; 8.070 ; 8.070 ; 8.070 ;
; a[2]       ; s[4]        ; 8.073 ; 8.073 ; 8.073 ; 8.073 ;
; a[2]       ; s[5]        ; 9.252 ; 9.252 ; 9.252 ; 9.252 ;
; a[2]       ; s[6]        ; 9.252 ; 9.252 ; 9.252 ; 9.252 ;
; a[2]       ; s[13]       ; 8.723 ; 8.723 ; 8.723 ; 8.723 ;
; a[2]       ; saida[2]    ; 7.625 ; 7.625 ; 7.625 ; 7.625 ;
; a[2]       ; saida[3]    ; 8.499 ; 8.499 ; 8.499 ; 8.499 ;
; a[2]       ; v           ; 7.958 ; 7.958 ; 7.958 ; 7.958 ;
; a[2]       ; z           ; 9.361 ; 9.361 ; 9.361 ; 9.361 ;
; a[3]       ; n           ; 8.442 ; 8.442 ; 8.442 ; 8.442 ;
; a[3]       ; s[0]        ; 9.085 ; 9.085 ; 9.085 ; 9.085 ;
; a[3]       ; s[1]        ; 9.047 ; 9.047 ; 9.047 ; 9.047 ;
; a[3]       ; s[2]        ; 9.058 ; 9.058 ; 9.058 ; 9.058 ;
; a[3]       ; s[5]        ; 8.958 ; 8.958 ; 8.958 ; 8.958 ;
; a[3]       ; s[6]        ; 8.958 ; 8.958 ; 8.958 ; 8.958 ;
; a[3]       ; s[13]       ; 8.429 ; 8.429 ; 8.429 ; 8.429 ;
; a[3]       ; saida[3]    ; 8.205 ; 8.205 ; 8.205 ; 8.205 ;
; a[3]       ; v           ; 7.655 ; 7.655 ; 7.655 ; 7.655 ;
; a[3]       ; z           ; 9.067 ; 9.067 ; 9.067 ; 9.067 ;
; b[0]       ; n           ; 6.784 ; 6.784 ; 6.784 ; 6.784 ;
; b[0]       ; s[0]        ; 7.427 ; 7.427 ; 7.427 ; 7.427 ;
; b[0]       ; s[1]        ; 7.389 ; 7.389 ; 7.389 ; 7.389 ;
; b[0]       ; s[2]        ; 7.400 ; 7.400 ; 7.400 ; 7.400 ;
; b[0]       ; s[3]        ; 6.062 ; 6.062 ; 6.062 ; 6.062 ;
; b[0]       ; s[4]        ; 6.065 ; 6.065 ; 6.065 ; 6.065 ;
; b[0]       ; s[5]        ; 7.300 ; 7.300 ; 7.300 ; 7.300 ;
; b[0]       ; s[6]        ; 7.300 ; 7.300 ; 7.300 ; 7.300 ;
; b[0]       ; s[13]       ; 6.771 ; 6.771 ; 6.771 ; 6.771 ;
; b[0]       ; saida[0]    ; 5.357 ; 5.357 ; 5.357 ; 5.357 ;
; b[0]       ; saida[1]    ; 6.103 ; 6.103 ; 6.103 ; 6.103 ;
; b[0]       ; saida[2]    ; 5.617 ; 5.617 ; 5.617 ; 5.617 ;
; b[0]       ; saida[3]    ; 6.547 ; 6.547 ; 6.547 ; 6.547 ;
; b[0]       ; v           ; 6.006 ; 6.006 ; 6.006 ; 6.006 ;
; b[0]       ; z           ; 7.409 ; 7.409 ; 7.409 ; 7.409 ;
; b[1]       ; n           ; 6.627 ; 6.627 ; 6.627 ; 6.627 ;
; b[1]       ; s[0]        ; 7.270 ; 7.270 ; 7.270 ; 7.270 ;
; b[1]       ; s[1]        ; 7.232 ; 7.232 ; 7.232 ; 7.232 ;
; b[1]       ; s[2]        ; 7.243 ; 7.243 ; 7.243 ; 7.243 ;
; b[1]       ; s[3]        ; 6.165 ; 6.165 ; 6.165 ; 6.165 ;
; b[1]       ; s[4]        ; 6.168 ; 6.168 ; 6.168 ; 6.168 ;
; b[1]       ; s[5]        ; 7.143 ; 7.143 ; 7.143 ; 7.143 ;
; b[1]       ; s[6]        ; 7.143 ; 7.143 ; 7.143 ; 7.143 ;
; b[1]       ; s[13]       ; 6.614 ; 6.614 ; 6.614 ; 6.614 ;
; b[1]       ; saida[0]    ; 5.353 ; 5.353 ; 5.353 ; 5.353 ;
; b[1]       ; saida[1]    ; 6.206 ; 6.206 ; 6.206 ; 6.206 ;
; b[1]       ; saida[2]    ; 5.720 ; 5.720 ; 5.720 ; 5.720 ;
; b[1]       ; saida[3]    ; 6.390 ; 6.390 ; 6.390 ; 6.390 ;
; b[1]       ; v           ; 5.849 ; 5.849 ; 5.849 ; 5.849 ;
; b[1]       ; z           ; 7.252 ; 7.252 ; 7.252 ; 7.252 ;
; b[2]       ; n           ; 6.266 ; 6.266 ; 6.266 ; 6.266 ;
; b[2]       ; s[0]        ; 6.909 ; 6.909 ; 6.909 ; 6.909 ;
; b[2]       ; s[1]        ; 6.871 ; 6.871 ; 6.871 ; 6.871 ;
; b[2]       ; s[2]        ; 6.882 ; 6.882 ; 6.882 ; 6.882 ;
; b[2]       ; s[3]        ; 5.752 ; 5.752 ; 5.752 ; 5.752 ;
; b[2]       ; s[4]        ; 5.755 ; 5.755 ; 5.755 ; 5.755 ;
; b[2]       ; s[5]        ; 6.782 ; 6.782 ; 6.782 ; 6.782 ;
; b[2]       ; s[6]        ; 6.782 ; 6.782 ; 6.782 ; 6.782 ;
; b[2]       ; s[13]       ; 6.253 ; 6.253 ; 6.253 ; 6.253 ;
; b[2]       ; saida[1]    ; 5.074 ;       ;       ; 5.074 ;
; b[2]       ; saida[2]    ; 5.307 ; 5.307 ; 5.307 ; 5.307 ;
; b[2]       ; saida[3]    ; 6.029 ; 6.029 ; 6.029 ; 6.029 ;
; b[2]       ; v           ; 5.311 ; 5.311 ; 5.311 ; 5.311 ;
; b[2]       ; z           ; 6.891 ; 6.891 ; 6.891 ; 6.891 ;
; b[3]       ; n           ; 8.502 ; 8.502 ; 8.502 ; 8.502 ;
; b[3]       ; s[0]        ; 9.145 ; 9.145 ; 9.145 ; 9.145 ;
; b[3]       ; s[1]        ; 9.107 ; 9.107 ; 9.107 ; 9.107 ;
; b[3]       ; s[2]        ; 9.118 ; 9.118 ; 9.118 ; 9.118 ;
; b[3]       ; s[3]        ; 7.363 ; 7.363 ; 7.363 ; 7.363 ;
; b[3]       ; s[4]        ; 7.366 ;       ;       ; 7.366 ;
; b[3]       ; s[5]        ; 9.018 ; 9.018 ; 9.018 ; 9.018 ;
; b[3]       ; s[6]        ; 9.018 ; 9.018 ; 9.018 ; 9.018 ;
; b[3]       ; s[13]       ; 8.489 ; 8.489 ; 8.489 ; 8.489 ;
; b[3]       ; saida[2]    ; 6.918 ;       ;       ; 6.918 ;
; b[3]       ; saida[3]    ; 8.265 ; 8.265 ; 8.265 ; 8.265 ;
; b[3]       ; v           ; 7.354 ; 7.354 ; 7.354 ; 7.354 ;
; b[3]       ; z           ; 9.127 ; 9.127 ; 9.127 ; 9.127 ;
; f[0]       ; n           ; 8.129 ; 8.129 ; 8.129 ; 8.129 ;
; f[0]       ; s[0]        ; 8.772 ; 8.772 ; 8.772 ; 8.772 ;
; f[0]       ; s[1]        ; 8.734 ; 8.734 ; 8.734 ; 8.734 ;
; f[0]       ; s[2]        ; 8.745 ; 8.745 ; 8.745 ; 8.745 ;
; f[0]       ; s[3]        ; 7.336 ; 7.336 ; 7.336 ; 7.336 ;
; f[0]       ; s[4]        ; 7.339 ; 7.339 ; 7.339 ; 7.339 ;
; f[0]       ; s[5]        ; 8.645 ; 8.645 ; 8.645 ; 8.645 ;
; f[0]       ; s[6]        ; 8.645 ; 8.645 ; 8.645 ; 8.645 ;
; f[0]       ; s[13]       ; 8.116 ; 8.116 ; 8.116 ; 8.116 ;
; f[0]       ; saida[0]    ; 6.589 ; 6.589 ; 6.589 ; 6.589 ;
; f[0]       ; saida[1]    ; 7.377 ; 7.377 ; 7.377 ; 7.377 ;
; f[0]       ; saida[2]    ; 6.891 ; 6.891 ; 6.891 ; 6.891 ;
; f[0]       ; saida[3]    ; 7.892 ; 7.892 ; 7.892 ; 7.892 ;
; f[0]       ; v           ; 7.351 ; 7.351 ; 7.351 ; 7.351 ;
; f[0]       ; z           ; 8.754 ; 8.754 ; 8.754 ; 8.754 ;
; f[1]       ; n           ; 8.045 ; 8.045 ; 8.045 ; 8.045 ;
; f[1]       ; s[0]        ; 8.688 ; 8.688 ; 8.688 ; 8.688 ;
; f[1]       ; s[1]        ; 8.650 ; 8.650 ; 8.650 ; 8.650 ;
; f[1]       ; s[2]        ; 8.661 ; 8.661 ; 8.661 ; 8.661 ;
; f[1]       ; s[3]        ; 7.287 ; 7.287 ; 7.287 ; 7.287 ;
; f[1]       ; s[4]        ; 7.290 ; 7.290 ; 7.290 ; 7.290 ;
; f[1]       ; s[5]        ; 8.561 ; 8.561 ; 8.561 ; 8.561 ;
; f[1]       ; s[6]        ; 8.561 ; 8.561 ; 8.561 ; 8.561 ;
; f[1]       ; s[13]       ; 8.032 ; 8.032 ; 8.032 ; 8.032 ;
; f[1]       ; saida[0]    ; 6.517 ; 6.517 ; 6.517 ; 6.517 ;
; f[1]       ; saida[1]    ; 7.328 ; 7.328 ; 7.328 ; 7.328 ;
; f[1]       ; saida[2]    ; 6.842 ; 6.842 ; 6.842 ; 6.842 ;
; f[1]       ; saida[3]    ; 7.808 ; 7.808 ; 7.808 ; 7.808 ;
; f[1]       ; v           ; 7.267 ; 7.267 ; 7.267 ; 7.267 ;
; f[1]       ; z           ; 8.670 ; 8.670 ; 8.670 ; 8.670 ;
; f[2]       ; n           ; 8.000 ; 8.000 ; 8.000 ; 8.000 ;
; f[2]       ; s[0]        ; 8.643 ; 8.643 ; 8.643 ; 8.643 ;
; f[2]       ; s[1]        ; 8.605 ; 8.605 ; 8.605 ; 8.605 ;
; f[2]       ; s[2]        ; 8.616 ; 8.616 ; 8.616 ; 8.616 ;
; f[2]       ; s[3]        ; 7.483 ; 7.483 ; 7.483 ; 7.483 ;
; f[2]       ; s[4]        ; 7.486 ; 7.486 ; 7.486 ; 7.486 ;
; f[2]       ; s[5]        ; 8.516 ; 8.516 ; 8.516 ; 8.516 ;
; f[2]       ; s[6]        ; 8.516 ; 8.516 ; 8.516 ; 8.516 ;
; f[2]       ; s[13]       ; 7.987 ; 7.987 ; 7.987 ; 7.987 ;
; f[2]       ; saida[0]    ; 6.740 ; 6.740 ; 6.740 ; 6.740 ;
; f[2]       ; saida[1]    ; 7.524 ; 7.524 ; 7.524 ; 7.524 ;
; f[2]       ; saida[2]    ; 7.038 ; 7.038 ; 7.038 ; 7.038 ;
; f[2]       ; saida[3]    ; 7.763 ; 7.763 ; 7.763 ; 7.763 ;
; f[2]       ; v           ; 7.222 ; 7.222 ; 7.222 ; 7.222 ;
; f[2]       ; z           ; 8.625 ; 8.625 ; 8.625 ; 8.625 ;
; f[3]       ; n           ; 7.671 ; 7.671 ; 7.671 ; 7.671 ;
; f[3]       ; s[0]        ; 8.314 ; 8.314 ; 8.314 ; 8.314 ;
; f[3]       ; s[1]        ; 8.276 ; 8.276 ; 8.276 ; 8.276 ;
; f[3]       ; s[2]        ; 8.287 ; 8.287 ; 8.287 ; 8.287 ;
; f[3]       ; s[3]        ; 7.023 ; 7.023 ; 7.023 ; 7.023 ;
; f[3]       ; s[4]        ; 7.026 ; 7.026 ; 7.026 ; 7.026 ;
; f[3]       ; s[5]        ; 8.187 ; 8.187 ; 8.187 ; 8.187 ;
; f[3]       ; s[6]        ; 8.187 ; 8.187 ; 8.187 ; 8.187 ;
; f[3]       ; s[13]       ; 7.658 ; 7.658 ; 7.658 ; 7.658 ;
; f[3]       ; saida[0]    ; 6.274 ; 6.274 ; 6.274 ; 6.274 ;
; f[3]       ; saida[1]    ; 7.064 ; 7.064 ; 7.064 ; 7.064 ;
; f[3]       ; saida[2]    ; 6.578 ; 6.578 ; 6.578 ; 6.578 ;
; f[3]       ; saida[3]    ; 7.434 ; 7.434 ; 7.434 ; 7.434 ;
; f[3]       ; v           ; 6.893 ; 6.893 ; 6.893 ; 6.893 ;
; f[3]       ; z           ; 8.296 ; 8.296 ; 8.296 ; 8.296 ;
+------------+-------------+-------+-------+-------+-------+


+----------------------------------------------------------+
; Minimum Propagation Delay                                ;
+------------+-------------+-------+-------+-------+-------+
; Input Port ; Output Port ; RR    ; RF    ; FR    ; FF    ;
+------------+-------------+-------+-------+-------+-------+
; a[0]       ; n           ; 8.664 ; 8.664 ; 8.664 ; 8.664 ;
; a[0]       ; s[0]        ; 7.301 ; 7.301 ; 7.301 ; 7.301 ;
; a[0]       ; s[1]        ; 7.267 ; 7.267 ; 7.267 ; 7.267 ;
; a[0]       ; s[2]        ; 7.276 ; 7.276 ; 7.276 ; 7.276 ;
; a[0]       ; s[3]        ; 7.185 ; 7.185 ; 7.185 ; 7.185 ;
; a[0]       ; s[4]        ; 7.188 ; 7.436 ; 7.436 ; 7.188 ;
; a[0]       ; s[5]        ; 7.174 ; 7.174 ; 7.174 ; 7.174 ;
; a[0]       ; s[6]        ; 7.174 ; 7.174 ; 7.174 ; 7.174 ;
; a[0]       ; s[13]       ; 8.651 ; 8.651 ; 8.651 ; 8.651 ;
; a[0]       ; saida[0]    ; 7.622 ; 7.622 ; 7.622 ; 7.622 ;
; a[0]       ; saida[1]    ; 7.895 ; 7.895 ; 7.895 ; 7.895 ;
; a[0]       ; saida[2]    ; 6.740 ; 7.361 ; 7.361 ; 6.740 ;
; a[0]       ; saida[3]    ; 8.427 ; 8.427 ; 8.427 ; 8.427 ;
; a[0]       ; v           ; 7.527 ; 7.527 ; 7.527 ; 7.527 ;
; a[0]       ; z           ; 7.525 ; 7.282 ; 7.282 ; 7.525 ;
; a[1]       ; n           ; 8.269 ; 8.512 ; 8.512 ; 8.269 ;
; a[1]       ; s[0]        ; 7.384 ; 7.384 ; 7.384 ; 7.384 ;
; a[1]       ; s[1]        ; 7.355 ; 7.355 ; 7.355 ; 7.355 ;
; a[1]       ; s[2]        ; 7.364 ; 7.364 ; 7.364 ; 7.364 ;
; a[1]       ; s[3]        ; 7.267 ; 7.267 ; 7.267 ; 7.267 ;
; a[1]       ; s[4]        ; 7.260 ; 7.260 ; 7.260 ; 7.260 ;
; a[1]       ; s[5]        ; 7.245 ; 7.245 ; 7.245 ; 7.245 ;
; a[1]       ; s[6]        ; 7.245 ; 7.245 ; 7.245 ; 7.245 ;
; a[1]       ; s[13]       ; 8.499 ; 8.256 ; 8.256 ; 8.499 ;
; a[1]       ; saida[1]    ; 7.342 ; 7.342 ; 7.342 ; 7.342 ;
; a[1]       ; saida[2]    ; 7.316 ; 7.316 ; 7.316 ; 7.316 ;
; a[1]       ; saida[3]    ; 8.032 ; 8.275 ; 8.275 ; 8.032 ;
; a[1]       ; v           ; 7.653 ; 7.653 ; 7.653 ; 7.653 ;
; a[1]       ; z           ; 7.357 ; 7.357 ; 7.357 ; 7.357 ;
; a[2]       ; n           ; 8.257 ; 8.257 ; 8.257 ; 8.257 ;
; a[2]       ; s[0]        ; 7.135 ; 7.135 ; 7.135 ; 7.135 ;
; a[2]       ; s[1]        ; 7.101 ; 7.101 ; 7.101 ; 7.101 ;
; a[2]       ; s[2]        ; 7.110 ; 7.110 ; 7.110 ; 7.110 ;
; a[2]       ; s[3]        ; 7.019 ; 7.019 ; 7.019 ; 7.019 ;
; a[2]       ; s[4]        ; 7.022 ; 7.329 ; 7.329 ; 7.022 ;
; a[2]       ; s[5]        ; 7.008 ; 7.008 ; 7.008 ; 7.008 ;
; a[2]       ; s[6]        ; 7.008 ; 7.008 ; 7.008 ; 7.008 ;
; a[2]       ; s[13]       ; 8.244 ; 8.244 ; 8.244 ; 8.244 ;
; a[2]       ; saida[2]    ; 6.574 ; 6.881 ; 6.881 ; 6.574 ;
; a[2]       ; saida[3]    ; 8.020 ; 8.020 ; 8.020 ; 8.020 ;
; a[2]       ; v           ; 7.118 ; 7.118 ; 7.118 ; 7.118 ;
; a[2]       ; z           ; 7.423 ; 7.116 ; 7.116 ; 7.423 ;
; a[3]       ; n           ; 7.770 ; 7.785 ; 7.785 ; 7.770 ;
; a[3]       ; s[0]        ; 8.413 ; 8.413 ; 8.413 ; 8.413 ;
; a[3]       ; s[1]        ; 8.375 ; 8.375 ; 8.375 ; 8.375 ;
; a[3]       ; s[2]        ; 8.386 ; 8.386 ; 8.386 ; 8.386 ;
; a[3]       ; s[5]        ; 8.286 ; 8.286 ; 8.286 ; 8.286 ;
; a[3]       ; s[6]        ; 8.301 ; 8.286 ; 8.286 ; 8.301 ;
; a[3]       ; s[13]       ; 7.772 ; 7.757 ; 7.757 ; 7.772 ;
; a[3]       ; saida[3]    ; 7.533 ; 7.548 ; 7.548 ; 7.533 ;
; a[3]       ; v           ; 6.990 ; 6.990 ; 6.990 ; 6.990 ;
; a[3]       ; z           ; 8.410 ; 8.395 ; 8.395 ; 8.410 ;
; b[0]       ; n           ; 5.973 ; 5.973 ; 5.973 ; 5.973 ;
; b[0]       ; s[0]        ; 5.078 ; 5.078 ; 5.078 ; 5.078 ;
; b[0]       ; s[1]        ; 5.040 ; 5.040 ; 5.040 ; 5.040 ;
; b[0]       ; s[2]        ; 5.050 ; 5.092 ; 5.092 ; 5.050 ;
; b[0]       ; s[3]        ; 4.960 ; 4.960 ; 4.960 ; 4.960 ;
; b[0]       ; s[4]        ; 4.999 ; 4.957 ; 4.957 ; 4.999 ;
; b[0]       ; s[5]        ; 4.975 ; 4.933 ; 4.933 ; 4.975 ;
; b[0]       ; s[6]        ; 4.977 ; 4.935 ; 4.935 ; 4.977 ;
; b[0]       ; s[13]       ; 5.960 ; 5.960 ; 5.960 ; 5.960 ;
; b[0]       ; saida[0]    ; 5.185 ; 5.143 ; 5.143 ; 5.185 ;
; b[0]       ; saida[1]    ; 5.166 ; 5.166 ; 5.166 ; 5.166 ;
; b[0]       ; saida[2]    ; 4.633 ; 4.633 ; 4.633 ; 4.633 ;
; b[0]       ; saida[3]    ; 5.736 ; 5.736 ; 5.736 ; 5.736 ;
; b[0]       ; v           ; 5.397 ; 5.397 ; 5.397 ; 5.397 ;
; b[0]       ; z           ; 5.046 ; 5.088 ; 5.088 ; 5.046 ;
; b[1]       ; n           ; 6.057 ; 6.057 ; 6.057 ; 6.057 ;
; b[1]       ; s[0]        ; 4.848 ; 4.848 ; 4.848 ; 4.848 ;
; b[1]       ; s[1]        ; 4.819 ; 4.819 ; 4.819 ; 4.819 ;
; b[1]       ; s[2]        ; 4.828 ; 4.941 ; 4.941 ; 4.828 ;
; b[1]       ; s[3]        ; 4.731 ; 4.731 ; 4.731 ; 4.731 ;
; b[1]       ; s[4]        ; 4.837 ; 4.724 ; 4.724 ; 4.837 ;
; b[1]       ; s[5]        ; 4.709 ; 4.709 ; 4.709 ; 4.709 ;
; b[1]       ; s[6]        ; 4.709 ; 4.709 ; 4.709 ; 4.709 ;
; b[1]       ; s[13]       ; 6.044 ; 6.044 ; 6.044 ; 6.044 ;
; b[1]       ; saida[0]    ; 5.353 ; 5.353 ; 5.353 ; 5.353 ;
; b[1]       ; saida[1]    ; 4.806 ; 4.919 ; 4.919 ; 4.806 ;
; b[1]       ; saida[2]    ; 4.559 ; 4.559 ; 4.559 ; 4.559 ;
; b[1]       ; saida[3]    ; 5.820 ; 5.820 ; 5.820 ; 5.820 ;
; b[1]       ; v           ; 5.241 ; 5.241 ; 5.241 ; 5.241 ;
; b[1]       ; z           ; 4.934 ; 4.821 ; 4.821 ; 4.934 ;
; b[2]       ; n           ; 5.671 ; 5.671 ; 5.671 ; 5.671 ;
; b[2]       ; s[0]        ; 4.757 ; 4.757 ; 4.757 ; 4.757 ;
; b[2]       ; s[1]        ; 4.723 ; 4.723 ; 4.723 ; 4.723 ;
; b[2]       ; s[2]        ; 4.732 ; 4.732 ; 4.732 ; 4.732 ;
; b[2]       ; s[3]        ; 4.641 ; 4.641 ; 4.641 ; 4.641 ;
; b[2]       ; s[4]        ; 4.644 ; 4.992 ; 4.992 ; 4.644 ;
; b[2]       ; s[5]        ; 4.630 ; 4.630 ; 4.630 ; 4.630 ;
; b[2]       ; s[6]        ; 4.630 ; 4.630 ; 4.630 ; 4.630 ;
; b[2]       ; s[13]       ; 5.658 ; 5.658 ; 5.658 ; 5.658 ;
; b[2]       ; saida[1]    ; 5.074 ;       ;       ; 5.074 ;
; b[2]       ; saida[2]    ; 4.196 ; 4.629 ; 4.629 ; 4.196 ;
; b[2]       ; saida[3]    ; 5.434 ; 5.434 ; 5.434 ; 5.434 ;
; b[2]       ; v           ; 4.437 ; 4.437 ; 4.437 ; 4.437 ;
; b[2]       ; z           ; 5.171 ; 4.738 ; 4.738 ; 5.171 ;
; b[3]       ; n           ; 7.831 ; 7.935 ; 7.935 ; 7.831 ;
; b[3]       ; s[0]        ; 7.479 ; 7.479 ; 7.479 ; 7.479 ;
; b[3]       ; s[1]        ; 7.445 ; 7.445 ; 7.445 ; 7.445 ;
; b[3]       ; s[2]        ; 7.454 ; 7.454 ; 7.454 ; 7.454 ;
; b[3]       ; s[3]        ; 7.363 ; 7.363 ; 7.363 ; 7.363 ;
; b[3]       ; s[4]        ; 7.366 ;       ;       ; 7.366 ;
; b[3]       ; s[5]        ; 7.352 ; 7.352 ; 7.352 ; 7.352 ;
; b[3]       ; s[6]        ; 7.352 ; 7.352 ; 7.352 ; 7.352 ;
; b[3]       ; s[13]       ; 7.922 ; 7.818 ; 7.818 ; 7.922 ;
; b[3]       ; saida[2]    ; 6.918 ;       ;       ; 6.918 ;
; b[3]       ; saida[3]    ; 7.594 ; 7.698 ; 7.698 ; 7.594 ;
; b[3]       ; v           ; 6.950 ; 6.950 ; 6.950 ; 6.950 ;
; b[3]       ; z           ; 8.560 ; 7.460 ; 7.460 ; 8.560 ;
; f[0]       ; n           ; 6.298 ; 6.298 ; 6.298 ; 6.298 ;
; f[0]       ; s[0]        ; 5.544 ; 5.544 ; 5.544 ; 5.544 ;
; f[0]       ; s[1]        ; 5.510 ; 5.510 ; 5.510 ; 5.510 ;
; f[0]       ; s[2]        ; 5.519 ; 5.519 ; 5.519 ; 5.519 ;
; f[0]       ; s[3]        ; 5.428 ; 5.428 ; 5.428 ; 5.428 ;
; f[0]       ; s[4]        ; 5.431 ; 5.431 ; 5.431 ; 5.431 ;
; f[0]       ; s[5]        ; 5.417 ; 5.417 ; 5.417 ; 5.417 ;
; f[0]       ; s[6]        ; 5.417 ; 5.417 ; 5.417 ; 5.417 ;
; f[0]       ; s[13]       ; 6.285 ; 6.285 ; 6.285 ; 6.285 ;
; f[0]       ; saida[0]    ; 6.024 ; 6.024 ; 6.024 ; 6.024 ;
; f[0]       ; saida[1]    ; 5.941 ; 5.826 ; 5.826 ; 5.941 ;
; f[0]       ; saida[2]    ; 4.983 ; 4.983 ; 4.983 ; 4.983 ;
; f[0]       ; saida[3]    ; 6.061 ; 6.061 ; 6.061 ; 6.061 ;
; f[0]       ; v           ; 5.339 ; 5.339 ; 5.339 ; 5.339 ;
; f[0]       ; z           ; 5.525 ; 5.525 ; 5.525 ; 5.525 ;
; f[1]       ; n           ; 6.034 ; 6.034 ; 6.034 ; 6.034 ;
; f[1]       ; s[0]        ; 5.709 ; 5.709 ; 5.709 ; 5.709 ;
; f[1]       ; s[1]        ; 5.680 ; 5.680 ; 5.680 ; 5.680 ;
; f[1]       ; s[2]        ; 5.736 ; 5.689 ; 5.689 ; 5.736 ;
; f[1]       ; s[3]        ; 5.592 ; 5.592 ; 5.592 ; 5.592 ;
; f[1]       ; s[4]        ; 5.585 ; 5.648 ; 5.648 ; 5.585 ;
; f[1]       ; s[5]        ; 5.570 ; 5.570 ; 5.570 ; 5.570 ;
; f[1]       ; s[6]        ; 5.570 ; 5.570 ; 5.570 ; 5.570 ;
; f[1]       ; s[13]       ; 6.021 ; 6.021 ; 6.021 ; 6.021 ;
; f[1]       ; saida[0]    ; 5.953 ; 5.953 ; 5.953 ; 5.953 ;
; f[1]       ; saida[1]    ; 6.050 ; 5.667 ; 5.667 ; 6.050 ;
; f[1]       ; saida[2]    ; 5.250 ; 5.200 ; 5.200 ; 5.250 ;
; f[1]       ; saida[3]    ; 5.797 ; 5.797 ; 5.797 ; 5.797 ;
; f[1]       ; v           ; 5.232 ; 5.232 ; 5.232 ; 5.232 ;
; f[1]       ; z           ; 5.682 ; 5.792 ; 5.792 ; 5.682 ;
; f[2]       ; n           ; 6.133 ; 6.057 ; 6.057 ; 6.133 ;
; f[2]       ; s[0]        ; 5.551 ; 5.551 ; 5.551 ; 5.551 ;
; f[2]       ; s[1]        ; 5.517 ; 5.517 ; 5.517 ; 5.517 ;
; f[2]       ; s[2]        ; 5.526 ; 5.526 ; 5.526 ; 5.526 ;
; f[2]       ; s[3]        ; 5.435 ; 5.435 ; 5.435 ; 5.435 ;
; f[2]       ; s[4]        ; 5.438 ; 5.438 ; 5.438 ; 5.438 ;
; f[2]       ; s[5]        ; 5.424 ; 5.424 ; 5.424 ; 5.424 ;
; f[2]       ; s[6]        ; 5.424 ; 5.424 ; 5.424 ; 5.424 ;
; f[2]       ; s[13]       ; 6.044 ; 6.120 ; 6.120 ; 6.044 ;
; f[2]       ; saida[0]    ; 6.160 ; 6.160 ; 6.160 ; 6.160 ;
; f[2]       ; saida[1]    ; 5.824 ; 5.824 ; 5.824 ; 5.824 ;
; f[2]       ; saida[2]    ; 4.990 ; 4.990 ; 4.990 ; 4.990 ;
; f[2]       ; saida[3]    ; 5.896 ; 5.820 ; 5.820 ; 5.896 ;
; f[2]       ; v           ; 5.907 ; 5.232 ; 5.232 ; 5.907 ;
; f[2]       ; z           ; 5.532 ; 5.532 ; 5.532 ; 5.532 ;
; f[3]       ; n           ; 5.634 ; 5.634 ; 5.634 ; 5.634 ;
; f[3]       ; s[0]        ; 3.428 ; 3.428 ; 3.428 ; 3.428 ;
; f[3]       ; s[1]        ; 3.399 ; 3.399 ; 3.399 ; 3.399 ;
; f[3]       ; s[2]        ; 4.911 ; 3.408 ; 3.408 ; 4.911 ;
; f[3]       ; s[3]        ; 3.311 ; 3.311 ; 3.311 ; 3.311 ;
; f[3]       ; s[4]        ; 3.304 ; 4.823 ; 4.823 ; 3.304 ;
; f[3]       ; s[5]        ; 3.289 ; 3.289 ; 3.289 ; 3.289 ;
; f[3]       ; s[6]        ; 3.289 ; 3.289 ; 3.289 ; 3.289 ;
; f[3]       ; s[13]       ; 5.621 ; 5.621 ; 5.621 ; 5.621 ;
; f[3]       ; saida[0]    ; 5.709 ; 5.709 ; 5.709 ; 5.709 ;
; f[3]       ; saida[1]    ; 5.197 ; 3.386 ; 3.386 ; 5.197 ;
; f[3]       ; saida[2]    ; 4.375 ; 4.375 ; 4.375 ; 4.375 ;
; f[3]       ; saida[3]    ; 5.397 ; 5.397 ; 5.397 ; 5.397 ;
; f[3]       ; v           ; 5.319 ; 4.927 ; 4.927 ; 5.319 ;
; f[3]       ; z           ; 3.401 ; 4.917 ; 4.917 ; 3.401 ;
+------------+-------------+-------+-------+-------+-------+


+----------------------------------------------------------------------------+
; Multicorner Timing Analysis Summary                                        ;
+------------------+-------+------+----------+---------+---------------------+
; Clock            ; Setup ; Hold ; Recovery ; Removal ; Minimum Pulse Width ;
+------------------+-------+------+----------+---------+---------------------+
; Worst-case Slack ; N/A   ; N/A  ; N/A      ; N/A     ; N/A                 ;
; Design-wide TNS  ; 0.0   ; 0.0  ; 0.0      ; 0.0     ; 0.0                 ;
+------------------+-------+------+----------+---------+---------------------+


+--------------------------------------------------------------+
; Progagation Delay                                            ;
+------------+-------------+--------+--------+--------+--------+
; Input Port ; Output Port ; RR     ; RF     ; FR     ; FF     ;
+------------+-------------+--------+--------+--------+--------+
; a[0]       ; n           ; 16.770 ; 16.770 ; 16.770 ; 16.770 ;
; a[0]       ; s[0]        ; 18.233 ; 18.233 ; 18.233 ; 18.233 ;
; a[0]       ; s[1]        ; 18.197 ; 18.197 ; 18.197 ; 18.197 ;
; a[0]       ; s[2]        ; 18.207 ; 18.207 ; 18.207 ; 18.207 ;
; a[0]       ; s[3]        ; 16.397 ; 16.397 ; 16.397 ; 16.397 ;
; a[0]       ; s[4]        ; 16.390 ; 16.390 ; 16.390 ; 16.390 ;
; a[0]       ; s[5]        ; 17.976 ; 17.976 ; 17.976 ; 17.976 ;
; a[0]       ; s[6]        ; 17.977 ; 17.977 ; 17.977 ; 17.977 ;
; a[0]       ; s[13]       ; 16.823 ; 16.823 ; 16.823 ; 16.823 ;
; a[0]       ; saida[0]    ; 14.682 ; 14.682 ; 14.682 ; 14.682 ;
; a[0]       ; saida[1]    ; 16.597 ; 16.597 ; 16.597 ; 16.597 ;
; a[0]       ; saida[2]    ; 15.366 ; 15.366 ; 15.366 ; 15.366 ;
; a[0]       ; saida[3]    ; 16.262 ; 16.262 ; 16.262 ; 16.262 ;
; a[0]       ; v           ; 15.435 ; 15.435 ; 15.435 ; 15.435 ;
; a[0]       ; z           ; 18.174 ; 18.174 ; 18.174 ; 18.174 ;
; a[1]       ; n           ; 17.698 ; 17.698 ; 17.698 ; 17.698 ;
; a[1]       ; s[0]        ; 19.161 ; 19.161 ; 19.161 ; 19.161 ;
; a[1]       ; s[1]        ; 19.125 ; 19.125 ; 19.125 ; 19.125 ;
; a[1]       ; s[2]        ; 19.135 ; 19.135 ; 19.135 ; 19.135 ;
; a[1]       ; s[3]        ; 15.952 ; 15.952 ; 15.952 ; 15.952 ;
; a[1]       ; s[4]        ; 15.945 ; 15.945 ; 15.945 ; 15.945 ;
; a[1]       ; s[5]        ; 18.904 ; 18.904 ; 18.904 ; 18.904 ;
; a[1]       ; s[6]        ; 18.905 ; 18.905 ; 18.905 ; 18.905 ;
; a[1]       ; s[13]       ; 17.751 ; 17.751 ; 17.751 ; 17.751 ;
; a[1]       ; saida[1]    ; 16.152 ; 16.152 ; 16.152 ; 16.152 ;
; a[1]       ; saida[2]    ; 14.918 ; 14.918 ; 14.918 ; 14.918 ;
; a[1]       ; saida[3]    ; 17.190 ; 17.190 ; 17.190 ; 17.190 ;
; a[1]       ; v           ; 16.187 ; 16.187 ; 16.187 ; 16.187 ;
; a[1]       ; z           ; 19.102 ; 19.102 ; 19.102 ; 19.102 ;
; a[2]       ; n           ; 16.652 ; 16.652 ; 16.652 ; 16.652 ;
; a[2]       ; s[0]        ; 18.115 ; 18.115 ; 18.115 ; 18.115 ;
; a[2]       ; s[1]        ; 18.079 ; 18.079 ; 18.079 ; 18.079 ;
; a[2]       ; s[2]        ; 18.089 ; 18.089 ; 18.089 ; 18.089 ;
; a[2]       ; s[3]        ; 15.277 ; 15.277 ; 15.277 ; 15.277 ;
; a[2]       ; s[4]        ; 15.287 ; 15.287 ; 15.287 ; 15.287 ;
; a[2]       ; s[5]        ; 17.858 ; 17.858 ; 17.858 ; 17.858 ;
; a[2]       ; s[6]        ; 17.859 ; 17.859 ; 17.859 ; 17.859 ;
; a[2]       ; s[13]       ; 16.705 ; 16.705 ; 16.705 ; 16.705 ;
; a[2]       ; saida[2]    ; 14.299 ; 14.299 ; 14.299 ; 14.299 ;
; a[2]       ; saida[3]    ; 16.144 ; 16.144 ; 16.144 ; 16.144 ;
; a[2]       ; v           ; 15.141 ; 15.141 ; 15.141 ; 15.141 ;
; a[2]       ; z           ; 18.056 ; 18.056 ; 18.056 ; 18.056 ;
; a[3]       ; n           ; 16.028 ; 16.028 ; 16.028 ; 16.028 ;
; a[3]       ; s[0]        ; 17.491 ; 17.491 ; 17.491 ; 17.491 ;
; a[3]       ; s[1]        ; 17.455 ; 17.455 ; 17.455 ; 17.455 ;
; a[3]       ; s[2]        ; 17.465 ; 17.465 ; 17.465 ; 17.465 ;
; a[3]       ; s[5]        ; 17.234 ; 17.234 ; 17.234 ; 17.234 ;
; a[3]       ; s[6]        ; 17.235 ; 17.235 ; 17.235 ; 17.235 ;
; a[3]       ; s[13]       ; 16.081 ; 16.081 ; 16.081 ; 16.081 ;
; a[3]       ; saida[3]    ; 15.520 ; 15.520 ; 15.520 ; 15.520 ;
; a[3]       ; v           ; 14.419 ; 14.419 ; 14.419 ; 14.419 ;
; a[3]       ; z           ; 17.432 ; 17.432 ; 17.432 ; 17.432 ;
; b[0]       ; n           ; 13.803 ; 13.803 ; 13.803 ; 13.803 ;
; b[0]       ; s[0]        ; 15.266 ; 15.266 ; 15.266 ; 15.266 ;
; b[0]       ; s[1]        ; 15.230 ; 15.230 ; 15.230 ; 15.230 ;
; b[0]       ; s[2]        ; 15.240 ; 15.240 ; 15.240 ; 15.240 ;
; b[0]       ; s[3]        ; 12.410 ; 12.410 ; 12.410 ; 12.410 ;
; b[0]       ; s[4]        ; 12.403 ; 12.403 ; 12.403 ; 12.403 ;
; b[0]       ; s[5]        ; 15.009 ; 15.009 ; 15.009 ; 15.009 ;
; b[0]       ; s[6]        ; 15.010 ; 15.010 ; 15.010 ; 15.010 ;
; b[0]       ; s[13]       ; 13.856 ; 13.856 ; 13.856 ; 13.856 ;
; b[0]       ; saida[0]    ; 10.655 ; 10.655 ; 10.655 ; 10.655 ;
; b[0]       ; saida[1]    ; 12.610 ; 12.610 ; 12.610 ; 12.610 ;
; b[0]       ; saida[2]    ; 11.384 ; 11.384 ; 11.384 ; 11.384 ;
; b[0]       ; saida[3]    ; 13.295 ; 13.295 ; 13.295 ; 13.295 ;
; b[0]       ; v           ; 12.292 ; 12.292 ; 12.292 ; 12.292 ;
; b[0]       ; z           ; 15.207 ; 15.207 ; 15.207 ; 15.207 ;
; b[1]       ; n           ; 13.504 ; 13.504 ; 13.504 ; 13.504 ;
; b[1]       ; s[0]        ; 14.967 ; 14.967 ; 14.967 ; 14.967 ;
; b[1]       ; s[1]        ; 14.931 ; 14.931 ; 14.931 ; 14.931 ;
; b[1]       ; s[2]        ; 14.941 ; 14.941 ; 14.941 ; 14.941 ;
; b[1]       ; s[3]        ; 12.647 ; 12.647 ; 12.647 ; 12.647 ;
; b[1]       ; s[4]        ; 12.640 ; 12.640 ; 12.640 ; 12.640 ;
; b[1]       ; s[5]        ; 14.710 ; 14.710 ; 14.710 ; 14.710 ;
; b[1]       ; s[6]        ; 14.711 ; 14.711 ; 14.711 ; 14.711 ;
; b[1]       ; s[13]       ; 13.557 ; 13.557 ; 13.557 ; 13.557 ;
; b[1]       ; saida[0]    ; 10.629 ; 10.629 ; 10.629 ; 10.629 ;
; b[1]       ; saida[1]    ; 12.847 ; 12.847 ; 12.847 ; 12.847 ;
; b[1]       ; saida[2]    ; 11.619 ; 11.619 ; 11.619 ; 11.619 ;
; b[1]       ; saida[3]    ; 12.996 ; 12.996 ; 12.996 ; 12.996 ;
; b[1]       ; v           ; 11.993 ; 11.993 ; 11.993 ; 11.993 ;
; b[1]       ; z           ; 14.908 ; 14.908 ; 14.908 ; 14.908 ;
; b[2]       ; n           ; 12.682 ; 12.682 ; 12.682 ; 12.682 ;
; b[2]       ; s[0]        ; 14.145 ; 14.145 ; 14.145 ; 14.145 ;
; b[2]       ; s[1]        ; 14.109 ; 14.109 ; 14.109 ; 14.109 ;
; b[2]       ; s[2]        ; 14.119 ; 14.119 ; 14.119 ; 14.119 ;
; b[2]       ; s[3]        ; 11.632 ; 11.632 ; 11.632 ; 11.632 ;
; b[2]       ; s[4]        ; 11.642 ; 11.642 ; 11.642 ; 11.642 ;
; b[2]       ; s[5]        ; 13.888 ; 13.888 ; 13.888 ; 13.888 ;
; b[2]       ; s[6]        ; 13.889 ; 13.889 ; 13.889 ; 13.889 ;
; b[2]       ; s[13]       ; 12.735 ; 12.735 ; 12.735 ; 12.735 ;
; b[2]       ; saida[1]    ; 10.081 ;        ;        ; 10.081 ;
; b[2]       ; saida[2]    ; 10.654 ; 10.654 ; 10.654 ; 10.654 ;
; b[2]       ; saida[3]    ; 12.174 ; 12.174 ; 12.174 ; 12.174 ;
; b[2]       ; v           ; 10.719 ; 10.719 ; 10.719 ; 10.719 ;
; b[2]       ; z           ; 14.086 ; 14.086 ; 14.086 ; 14.086 ;
; b[3]       ; n           ; 16.194 ; 16.194 ; 16.194 ; 16.194 ;
; b[3]       ; s[0]        ; 17.657 ; 17.657 ; 17.657 ; 17.657 ;
; b[3]       ; s[1]        ; 17.621 ; 17.621 ; 17.621 ; 17.621 ;
; b[3]       ; s[2]        ; 17.631 ; 17.631 ; 17.631 ; 17.631 ;
; b[3]       ; s[3]        ; 13.583 ; 13.583 ; 13.583 ; 13.583 ;
; b[3]       ; s[4]        ; 13.593 ;        ;        ; 13.593 ;
; b[3]       ; s[5]        ; 17.400 ; 17.400 ; 17.400 ; 17.400 ;
; b[3]       ; s[6]        ; 17.401 ; 17.401 ; 17.401 ; 17.401 ;
; b[3]       ; s[13]       ; 16.247 ; 16.247 ; 16.247 ; 16.247 ;
; b[3]       ; saida[2]    ; 12.605 ;        ;        ; 12.605 ;
; b[3]       ; saida[3]    ; 15.686 ; 15.686 ; 15.686 ; 15.686 ;
; b[3]       ; v           ; 13.724 ; 13.724 ; 13.724 ; 13.724 ;
; b[3]       ; z           ; 17.598 ; 17.598 ; 17.598 ; 17.598 ;
; f[0]       ; n           ; 16.514 ; 16.514 ; 16.514 ; 16.514 ;
; f[0]       ; s[0]        ; 17.977 ; 17.977 ; 17.977 ; 17.977 ;
; f[0]       ; s[1]        ; 17.941 ; 17.941 ; 17.941 ; 17.941 ;
; f[0]       ; s[2]        ; 17.951 ; 17.951 ; 17.951 ; 17.951 ;
; f[0]       ; s[3]        ; 14.914 ; 14.914 ; 14.914 ; 14.914 ;
; f[0]       ; s[4]        ; 14.907 ; 14.907 ; 14.907 ; 14.907 ;
; f[0]       ; s[5]        ; 17.720 ; 17.720 ; 17.720 ; 17.720 ;
; f[0]       ; s[6]        ; 17.721 ; 17.721 ; 17.721 ; 17.721 ;
; f[0]       ; s[13]       ; 16.567 ; 16.567 ; 16.567 ; 16.567 ;
; f[0]       ; saida[0]    ; 13.066 ; 13.066 ; 13.066 ; 13.066 ;
; f[0]       ; saida[1]    ; 15.114 ; 15.114 ; 15.114 ; 15.114 ;
; f[0]       ; saida[2]    ; 13.886 ; 13.886 ; 13.886 ; 13.886 ;
; f[0]       ; saida[3]    ; 16.006 ; 16.006 ; 16.006 ; 16.006 ;
; f[0]       ; v           ; 15.003 ; 15.003 ; 15.003 ; 15.003 ;
; f[0]       ; z           ; 17.918 ; 17.918 ; 17.918 ; 17.918 ;
; f[1]       ; n           ; 16.368 ; 16.368 ; 16.368 ; 16.368 ;
; f[1]       ; s[0]        ; 17.831 ; 17.831 ; 17.831 ; 17.831 ;
; f[1]       ; s[1]        ; 17.795 ; 17.795 ; 17.795 ; 17.795 ;
; f[1]       ; s[2]        ; 17.805 ; 17.805 ; 17.805 ; 17.805 ;
; f[1]       ; s[3]        ; 14.807 ; 14.807 ; 14.807 ; 14.807 ;
; f[1]       ; s[4]        ; 14.800 ; 14.800 ; 14.800 ; 14.800 ;
; f[1]       ; s[5]        ; 17.574 ; 17.574 ; 17.574 ; 17.574 ;
; f[1]       ; s[6]        ; 17.575 ; 17.575 ; 17.575 ; 17.575 ;
; f[1]       ; s[13]       ; 16.421 ; 16.421 ; 16.421 ; 16.421 ;
; f[1]       ; saida[0]    ; 12.961 ; 12.961 ; 12.961 ; 12.961 ;
; f[1]       ; saida[1]    ; 15.007 ; 15.007 ; 15.007 ; 15.007 ;
; f[1]       ; saida[2]    ; 13.779 ; 13.779 ; 13.779 ; 13.779 ;
; f[1]       ; saida[3]    ; 15.860 ; 15.860 ; 15.860 ; 15.860 ;
; f[1]       ; v           ; 14.857 ; 14.857 ; 14.857 ; 14.857 ;
; f[1]       ; z           ; 17.772 ; 17.772 ; 17.772 ; 17.772 ;
; f[2]       ; n           ; 16.209 ; 16.209 ; 16.209 ; 16.209 ;
; f[2]       ; s[0]        ; 17.672 ; 17.672 ; 17.672 ; 17.672 ;
; f[2]       ; s[1]        ; 17.636 ; 17.636 ; 17.636 ; 17.636 ;
; f[2]       ; s[2]        ; 17.646 ; 17.646 ; 17.646 ; 17.646 ;
; f[2]       ; s[3]        ; 15.197 ; 15.197 ; 15.197 ; 15.197 ;
; f[2]       ; s[4]        ; 15.190 ; 15.190 ; 15.190 ; 15.190 ;
; f[2]       ; s[5]        ; 17.415 ; 17.415 ; 17.415 ; 17.415 ;
; f[2]       ; s[6]        ; 17.416 ; 17.416 ; 17.416 ; 17.416 ;
; f[2]       ; s[13]       ; 16.262 ; 16.262 ; 16.262 ; 16.262 ;
; f[2]       ; saida[0]    ; 13.403 ; 13.403 ; 13.403 ; 13.403 ;
; f[2]       ; saida[1]    ; 15.397 ; 15.397 ; 15.397 ; 15.397 ;
; f[2]       ; saida[2]    ; 14.169 ; 14.169 ; 14.169 ; 14.169 ;
; f[2]       ; saida[3]    ; 15.701 ; 15.701 ; 15.701 ; 15.701 ;
; f[2]       ; v           ; 14.698 ; 14.698 ; 14.698 ; 14.698 ;
; f[2]       ; z           ; 17.613 ; 17.613 ; 17.613 ; 17.613 ;
; f[3]       ; n           ; 15.544 ; 15.544 ; 15.544 ; 15.544 ;
; f[3]       ; s[0]        ; 17.007 ; 17.007 ; 17.007 ; 17.007 ;
; f[3]       ; s[1]        ; 16.971 ; 16.971 ; 16.971 ; 16.971 ;
; f[3]       ; s[2]        ; 16.981 ; 16.981 ; 16.981 ; 16.981 ;
; f[3]       ; s[3]        ; 14.251 ; 14.251 ; 14.251 ; 14.251 ;
; f[3]       ; s[4]        ; 14.244 ; 14.244 ; 14.244 ; 14.244 ;
; f[3]       ; s[5]        ; 16.750 ; 16.750 ; 16.750 ; 16.750 ;
; f[3]       ; s[6]        ; 16.751 ; 16.751 ; 16.751 ; 16.751 ;
; f[3]       ; s[13]       ; 15.597 ; 15.597 ; 15.597 ; 15.597 ;
; f[3]       ; saida[0]    ; 12.431 ; 12.431 ; 12.431 ; 12.431 ;
; f[3]       ; saida[1]    ; 14.451 ; 14.451 ; 14.451 ; 14.451 ;
; f[3]       ; saida[2]    ; 13.223 ; 13.223 ; 13.223 ; 13.223 ;
; f[3]       ; saida[3]    ; 15.036 ; 15.036 ; 15.036 ; 15.036 ;
; f[3]       ; v           ; 14.033 ; 14.033 ; 14.033 ; 14.033 ;
; f[3]       ; z           ; 16.948 ; 16.948 ; 16.948 ; 16.948 ;
+------------+-------------+--------+--------+--------+--------+


+----------------------------------------------------------+
; Minimum Progagation Delay                                ;
+------------+-------------+-------+-------+-------+-------+
; Input Port ; Output Port ; RR    ; RF    ; FR    ; FF    ;
+------------+-------------+-------+-------+-------+-------+
; a[0]       ; n           ; 8.664 ; 8.664 ; 8.664 ; 8.664 ;
; a[0]       ; s[0]        ; 7.301 ; 7.301 ; 7.301 ; 7.301 ;
; a[0]       ; s[1]        ; 7.267 ; 7.267 ; 7.267 ; 7.267 ;
; a[0]       ; s[2]        ; 7.276 ; 7.276 ; 7.276 ; 7.276 ;
; a[0]       ; s[3]        ; 7.185 ; 7.185 ; 7.185 ; 7.185 ;
; a[0]       ; s[4]        ; 7.188 ; 7.436 ; 7.436 ; 7.188 ;
; a[0]       ; s[5]        ; 7.174 ; 7.174 ; 7.174 ; 7.174 ;
; a[0]       ; s[6]        ; 7.174 ; 7.174 ; 7.174 ; 7.174 ;
; a[0]       ; s[13]       ; 8.651 ; 8.651 ; 8.651 ; 8.651 ;
; a[0]       ; saida[0]    ; 7.622 ; 7.622 ; 7.622 ; 7.622 ;
; a[0]       ; saida[1]    ; 7.895 ; 7.895 ; 7.895 ; 7.895 ;
; a[0]       ; saida[2]    ; 6.740 ; 7.361 ; 7.361 ; 6.740 ;
; a[0]       ; saida[3]    ; 8.427 ; 8.427 ; 8.427 ; 8.427 ;
; a[0]       ; v           ; 7.527 ; 7.527 ; 7.527 ; 7.527 ;
; a[0]       ; z           ; 7.525 ; 7.282 ; 7.282 ; 7.525 ;
; a[1]       ; n           ; 8.269 ; 8.512 ; 8.512 ; 8.269 ;
; a[1]       ; s[0]        ; 7.384 ; 7.384 ; 7.384 ; 7.384 ;
; a[1]       ; s[1]        ; 7.355 ; 7.355 ; 7.355 ; 7.355 ;
; a[1]       ; s[2]        ; 7.364 ; 7.364 ; 7.364 ; 7.364 ;
; a[1]       ; s[3]        ; 7.267 ; 7.267 ; 7.267 ; 7.267 ;
; a[1]       ; s[4]        ; 7.260 ; 7.260 ; 7.260 ; 7.260 ;
; a[1]       ; s[5]        ; 7.245 ; 7.245 ; 7.245 ; 7.245 ;
; a[1]       ; s[6]        ; 7.245 ; 7.245 ; 7.245 ; 7.245 ;
; a[1]       ; s[13]       ; 8.499 ; 8.256 ; 8.256 ; 8.499 ;
; a[1]       ; saida[1]    ; 7.342 ; 7.342 ; 7.342 ; 7.342 ;
; a[1]       ; saida[2]    ; 7.316 ; 7.316 ; 7.316 ; 7.316 ;
; a[1]       ; saida[3]    ; 8.032 ; 8.275 ; 8.275 ; 8.032 ;
; a[1]       ; v           ; 7.653 ; 7.653 ; 7.653 ; 7.653 ;
; a[1]       ; z           ; 7.357 ; 7.357 ; 7.357 ; 7.357 ;
; a[2]       ; n           ; 8.257 ; 8.257 ; 8.257 ; 8.257 ;
; a[2]       ; s[0]        ; 7.135 ; 7.135 ; 7.135 ; 7.135 ;
; a[2]       ; s[1]        ; 7.101 ; 7.101 ; 7.101 ; 7.101 ;
; a[2]       ; s[2]        ; 7.110 ; 7.110 ; 7.110 ; 7.110 ;
; a[2]       ; s[3]        ; 7.019 ; 7.019 ; 7.019 ; 7.019 ;
; a[2]       ; s[4]        ; 7.022 ; 7.329 ; 7.329 ; 7.022 ;
; a[2]       ; s[5]        ; 7.008 ; 7.008 ; 7.008 ; 7.008 ;
; a[2]       ; s[6]        ; 7.008 ; 7.008 ; 7.008 ; 7.008 ;
; a[2]       ; s[13]       ; 8.244 ; 8.244 ; 8.244 ; 8.244 ;
; a[2]       ; saida[2]    ; 6.574 ; 6.881 ; 6.881 ; 6.574 ;
; a[2]       ; saida[3]    ; 8.020 ; 8.020 ; 8.020 ; 8.020 ;
; a[2]       ; v           ; 7.118 ; 7.118 ; 7.118 ; 7.118 ;
; a[2]       ; z           ; 7.423 ; 7.116 ; 7.116 ; 7.423 ;
; a[3]       ; n           ; 7.770 ; 7.785 ; 7.785 ; 7.770 ;
; a[3]       ; s[0]        ; 8.413 ; 8.413 ; 8.413 ; 8.413 ;
; a[3]       ; s[1]        ; 8.375 ; 8.375 ; 8.375 ; 8.375 ;
; a[3]       ; s[2]        ; 8.386 ; 8.386 ; 8.386 ; 8.386 ;
; a[3]       ; s[5]        ; 8.286 ; 8.286 ; 8.286 ; 8.286 ;
; a[3]       ; s[6]        ; 8.301 ; 8.286 ; 8.286 ; 8.301 ;
; a[3]       ; s[13]       ; 7.772 ; 7.757 ; 7.757 ; 7.772 ;
; a[3]       ; saida[3]    ; 7.533 ; 7.548 ; 7.548 ; 7.533 ;
; a[3]       ; v           ; 6.990 ; 6.990 ; 6.990 ; 6.990 ;
; a[3]       ; z           ; 8.410 ; 8.395 ; 8.395 ; 8.410 ;
; b[0]       ; n           ; 5.973 ; 5.973 ; 5.973 ; 5.973 ;
; b[0]       ; s[0]        ; 5.078 ; 5.078 ; 5.078 ; 5.078 ;
; b[0]       ; s[1]        ; 5.040 ; 5.040 ; 5.040 ; 5.040 ;
; b[0]       ; s[2]        ; 5.050 ; 5.092 ; 5.092 ; 5.050 ;
; b[0]       ; s[3]        ; 4.960 ; 4.960 ; 4.960 ; 4.960 ;
; b[0]       ; s[4]        ; 4.999 ; 4.957 ; 4.957 ; 4.999 ;
; b[0]       ; s[5]        ; 4.975 ; 4.933 ; 4.933 ; 4.975 ;
; b[0]       ; s[6]        ; 4.977 ; 4.935 ; 4.935 ; 4.977 ;
; b[0]       ; s[13]       ; 5.960 ; 5.960 ; 5.960 ; 5.960 ;
; b[0]       ; saida[0]    ; 5.185 ; 5.143 ; 5.143 ; 5.185 ;
; b[0]       ; saida[1]    ; 5.166 ; 5.166 ; 5.166 ; 5.166 ;
; b[0]       ; saida[2]    ; 4.633 ; 4.633 ; 4.633 ; 4.633 ;
; b[0]       ; saida[3]    ; 5.736 ; 5.736 ; 5.736 ; 5.736 ;
; b[0]       ; v           ; 5.397 ; 5.397 ; 5.397 ; 5.397 ;
; b[0]       ; z           ; 5.046 ; 5.088 ; 5.088 ; 5.046 ;
; b[1]       ; n           ; 6.057 ; 6.057 ; 6.057 ; 6.057 ;
; b[1]       ; s[0]        ; 4.848 ; 4.848 ; 4.848 ; 4.848 ;
; b[1]       ; s[1]        ; 4.819 ; 4.819 ; 4.819 ; 4.819 ;
; b[1]       ; s[2]        ; 4.828 ; 4.941 ; 4.941 ; 4.828 ;
; b[1]       ; s[3]        ; 4.731 ; 4.731 ; 4.731 ; 4.731 ;
; b[1]       ; s[4]        ; 4.837 ; 4.724 ; 4.724 ; 4.837 ;
; b[1]       ; s[5]        ; 4.709 ; 4.709 ; 4.709 ; 4.709 ;
; b[1]       ; s[6]        ; 4.709 ; 4.709 ; 4.709 ; 4.709 ;
; b[1]       ; s[13]       ; 6.044 ; 6.044 ; 6.044 ; 6.044 ;
; b[1]       ; saida[0]    ; 5.353 ; 5.353 ; 5.353 ; 5.353 ;
; b[1]       ; saida[1]    ; 4.806 ; 4.919 ; 4.919 ; 4.806 ;
; b[1]       ; saida[2]    ; 4.559 ; 4.559 ; 4.559 ; 4.559 ;
; b[1]       ; saida[3]    ; 5.820 ; 5.820 ; 5.820 ; 5.820 ;
; b[1]       ; v           ; 5.241 ; 5.241 ; 5.241 ; 5.241 ;
; b[1]       ; z           ; 4.934 ; 4.821 ; 4.821 ; 4.934 ;
; b[2]       ; n           ; 5.671 ; 5.671 ; 5.671 ; 5.671 ;
; b[2]       ; s[0]        ; 4.757 ; 4.757 ; 4.757 ; 4.757 ;
; b[2]       ; s[1]        ; 4.723 ; 4.723 ; 4.723 ; 4.723 ;
; b[2]       ; s[2]        ; 4.732 ; 4.732 ; 4.732 ; 4.732 ;
; b[2]       ; s[3]        ; 4.641 ; 4.641 ; 4.641 ; 4.641 ;
; b[2]       ; s[4]        ; 4.644 ; 4.992 ; 4.992 ; 4.644 ;
; b[2]       ; s[5]        ; 4.630 ; 4.630 ; 4.630 ; 4.630 ;
; b[2]       ; s[6]        ; 4.630 ; 4.630 ; 4.630 ; 4.630 ;
; b[2]       ; s[13]       ; 5.658 ; 5.658 ; 5.658 ; 5.658 ;
; b[2]       ; saida[1]    ; 5.074 ;       ;       ; 5.074 ;
; b[2]       ; saida[2]    ; 4.196 ; 4.629 ; 4.629 ; 4.196 ;
; b[2]       ; saida[3]    ; 5.434 ; 5.434 ; 5.434 ; 5.434 ;
; b[2]       ; v           ; 4.437 ; 4.437 ; 4.437 ; 4.437 ;
; b[2]       ; z           ; 5.171 ; 4.738 ; 4.738 ; 5.171 ;
; b[3]       ; n           ; 7.831 ; 7.935 ; 7.935 ; 7.831 ;
; b[3]       ; s[0]        ; 7.479 ; 7.479 ; 7.479 ; 7.479 ;
; b[3]       ; s[1]        ; 7.445 ; 7.445 ; 7.445 ; 7.445 ;
; b[3]       ; s[2]        ; 7.454 ; 7.454 ; 7.454 ; 7.454 ;
; b[3]       ; s[3]        ; 7.363 ; 7.363 ; 7.363 ; 7.363 ;
; b[3]       ; s[4]        ; 7.366 ;       ;       ; 7.366 ;
; b[3]       ; s[5]        ; 7.352 ; 7.352 ; 7.352 ; 7.352 ;
; b[3]       ; s[6]        ; 7.352 ; 7.352 ; 7.352 ; 7.352 ;
; b[3]       ; s[13]       ; 7.922 ; 7.818 ; 7.818 ; 7.922 ;
; b[3]       ; saida[2]    ; 6.918 ;       ;       ; 6.918 ;
; b[3]       ; saida[3]    ; 7.594 ; 7.698 ; 7.698 ; 7.594 ;
; b[3]       ; v           ; 6.950 ; 6.950 ; 6.950 ; 6.950 ;
; b[3]       ; z           ; 8.560 ; 7.460 ; 7.460 ; 8.560 ;
; f[0]       ; n           ; 6.298 ; 6.298 ; 6.298 ; 6.298 ;
; f[0]       ; s[0]        ; 5.544 ; 5.544 ; 5.544 ; 5.544 ;
; f[0]       ; s[1]        ; 5.510 ; 5.510 ; 5.510 ; 5.510 ;
; f[0]       ; s[2]        ; 5.519 ; 5.519 ; 5.519 ; 5.519 ;
; f[0]       ; s[3]        ; 5.428 ; 5.428 ; 5.428 ; 5.428 ;
; f[0]       ; s[4]        ; 5.431 ; 5.431 ; 5.431 ; 5.431 ;
; f[0]       ; s[5]        ; 5.417 ; 5.417 ; 5.417 ; 5.417 ;
; f[0]       ; s[6]        ; 5.417 ; 5.417 ; 5.417 ; 5.417 ;
; f[0]       ; s[13]       ; 6.285 ; 6.285 ; 6.285 ; 6.285 ;
; f[0]       ; saida[0]    ; 6.024 ; 6.024 ; 6.024 ; 6.024 ;
; f[0]       ; saida[1]    ; 5.941 ; 5.826 ; 5.826 ; 5.941 ;
; f[0]       ; saida[2]    ; 4.983 ; 4.983 ; 4.983 ; 4.983 ;
; f[0]       ; saida[3]    ; 6.061 ; 6.061 ; 6.061 ; 6.061 ;
; f[0]       ; v           ; 5.339 ; 5.339 ; 5.339 ; 5.339 ;
; f[0]       ; z           ; 5.525 ; 5.525 ; 5.525 ; 5.525 ;
; f[1]       ; n           ; 6.034 ; 6.034 ; 6.034 ; 6.034 ;
; f[1]       ; s[0]        ; 5.709 ; 5.709 ; 5.709 ; 5.709 ;
; f[1]       ; s[1]        ; 5.680 ; 5.680 ; 5.680 ; 5.680 ;
; f[1]       ; s[2]        ; 5.736 ; 5.689 ; 5.689 ; 5.736 ;
; f[1]       ; s[3]        ; 5.592 ; 5.592 ; 5.592 ; 5.592 ;
; f[1]       ; s[4]        ; 5.585 ; 5.648 ; 5.648 ; 5.585 ;
; f[1]       ; s[5]        ; 5.570 ; 5.570 ; 5.570 ; 5.570 ;
; f[1]       ; s[6]        ; 5.570 ; 5.570 ; 5.570 ; 5.570 ;
; f[1]       ; s[13]       ; 6.021 ; 6.021 ; 6.021 ; 6.021 ;
; f[1]       ; saida[0]    ; 5.953 ; 5.953 ; 5.953 ; 5.953 ;
; f[1]       ; saida[1]    ; 6.050 ; 5.667 ; 5.667 ; 6.050 ;
; f[1]       ; saida[2]    ; 5.250 ; 5.200 ; 5.200 ; 5.250 ;
; f[1]       ; saida[3]    ; 5.797 ; 5.797 ; 5.797 ; 5.797 ;
; f[1]       ; v           ; 5.232 ; 5.232 ; 5.232 ; 5.232 ;
; f[1]       ; z           ; 5.682 ; 5.792 ; 5.792 ; 5.682 ;
; f[2]       ; n           ; 6.133 ; 6.057 ; 6.057 ; 6.133 ;
; f[2]       ; s[0]        ; 5.551 ; 5.551 ; 5.551 ; 5.551 ;
; f[2]       ; s[1]        ; 5.517 ; 5.517 ; 5.517 ; 5.517 ;
; f[2]       ; s[2]        ; 5.526 ; 5.526 ; 5.526 ; 5.526 ;
; f[2]       ; s[3]        ; 5.435 ; 5.435 ; 5.435 ; 5.435 ;
; f[2]       ; s[4]        ; 5.438 ; 5.438 ; 5.438 ; 5.438 ;
; f[2]       ; s[5]        ; 5.424 ; 5.424 ; 5.424 ; 5.424 ;
; f[2]       ; s[6]        ; 5.424 ; 5.424 ; 5.424 ; 5.424 ;
; f[2]       ; s[13]       ; 6.044 ; 6.120 ; 6.120 ; 6.044 ;
; f[2]       ; saida[0]    ; 6.160 ; 6.160 ; 6.160 ; 6.160 ;
; f[2]       ; saida[1]    ; 5.824 ; 5.824 ; 5.824 ; 5.824 ;
; f[2]       ; saida[2]    ; 4.990 ; 4.990 ; 4.990 ; 4.990 ;
; f[2]       ; saida[3]    ; 5.896 ; 5.820 ; 5.820 ; 5.896 ;
; f[2]       ; v           ; 5.907 ; 5.232 ; 5.232 ; 5.907 ;
; f[2]       ; z           ; 5.532 ; 5.532 ; 5.532 ; 5.532 ;
; f[3]       ; n           ; 5.634 ; 5.634 ; 5.634 ; 5.634 ;
; f[3]       ; s[0]        ; 3.428 ; 3.428 ; 3.428 ; 3.428 ;
; f[3]       ; s[1]        ; 3.399 ; 3.399 ; 3.399 ; 3.399 ;
; f[3]       ; s[2]        ; 4.911 ; 3.408 ; 3.408 ; 4.911 ;
; f[3]       ; s[3]        ; 3.311 ; 3.311 ; 3.311 ; 3.311 ;
; f[3]       ; s[4]        ; 3.304 ; 4.823 ; 4.823 ; 3.304 ;
; f[3]       ; s[5]        ; 3.289 ; 3.289 ; 3.289 ; 3.289 ;
; f[3]       ; s[6]        ; 3.289 ; 3.289 ; 3.289 ; 3.289 ;
; f[3]       ; s[13]       ; 5.621 ; 5.621 ; 5.621 ; 5.621 ;
; f[3]       ; saida[0]    ; 5.709 ; 5.709 ; 5.709 ; 5.709 ;
; f[3]       ; saida[1]    ; 5.197 ; 3.386 ; 3.386 ; 5.197 ;
; f[3]       ; saida[2]    ; 4.375 ; 4.375 ; 4.375 ; 4.375 ;
; f[3]       ; saida[3]    ; 5.397 ; 5.397 ; 5.397 ; 5.397 ;
; f[3]       ; v           ; 5.319 ; 4.927 ; 4.927 ; 5.319 ;
; f[3]       ; z           ; 3.401 ; 4.917 ; 4.917 ; 3.401 ;
+------------+-------------+-------+-------+-------+-------+


-------------------
; Clock Transfers ;
-------------------
Nothing to report.


---------------
; Report TCCS ;
---------------
No dedicated SERDES Transmitter circuitry present in device or used in design


---------------
; Report RSKM ;
---------------
No dedicated SERDES Receiver circuitry present in device or used in design


+------------------------------------------------+
; Unconstrained Paths                            ;
+---------------------------------+-------+------+
; Property                        ; Setup ; Hold ;
+---------------------------------+-------+------+
; Illegal Clocks                  ; 0     ; 0    ;
; Unconstrained Clocks            ; 0     ; 0    ;
; Unconstrained Input Ports       ; 12    ; 12   ;
; Unconstrained Input Port Paths  ; 169   ; 169  ;
; Unconstrained Output Ports      ; 15    ; 15   ;
; Unconstrained Output Port Paths ; 169   ; 169  ;
+---------------------------------+-------+------+


+------------------------------------+
; TimeQuest Timing Analyzer Messages ;
+------------------------------------+
Info: *******************************************************************
Info: Running Quartus II 64-Bit TimeQuest Timing Analyzer
    Info: Version 13.0.1 Build 232 06/12/2013 Service Pack 1 SJ Web Edition
    Info: Processing started: Fri Mar 24 00:11:02 2017
Info: Command: quartus_sta ULA_JUAN_THALES -c ULA_JUAN_THALES
Info: qsta_default_script.tcl version: #1
Warning (20028): Parallel compilation is not licensed and has been disabled
Info (21077): Low junction temperature is 0 degrees C
Info (21077): High junction temperature is 85 degrees C
Critical Warning (332012): Synopsys Design Constraints File file not found: 'ULA_JUAN_THALES.sdc'. A Synopsys Design Constraints File is required by the TimeQuest Timing Analyzer to get proper timing constraints. Without it, the Compiler will not properly optimize the design.
Info (332142): No user constrained base clocks found in the design. Calling "derive_clocks -period 1.0"
Info (332096): The command derive_clocks did not find any clocks to derive.  No clocks were created or changed.
Warning (332068): No clocks defined in design.
Info: Found TIMEQUEST_REPORT_SCRIPT_INCLUDE_DEFAULT_ANALYSIS = ON
Info (332159): No clocks to report
Info: Analyzing Slow Model
Info (332140): No fmax paths to report
Info (332140): No Setup paths to report
Info (332140): No Hold paths to report
Info (332140): No Recovery paths to report
Info (332140): No Removal paths to report
Info (332140): No Minimum Pulse Width paths to report
Info (332001): The selected device family is not supported by the report_metastability command.
Info: Analyzing Fast Model
Info (332142): No user constrained base clocks found in the design. Calling "derive_clocks -period 1.0"
Info (332096): The command derive_clocks did not find any clocks to derive.  No clocks were created or changed.
Warning (332068): No clocks defined in design.
Info (332140): No Setup paths to report
Info (332140): No Hold paths to report
Info (332140): No Recovery paths to report
Info (332140): No Removal paths to report
Info (332140): No Minimum Pulse Width paths to report
Info (332001): The selected device family is not supported by the report_metastability command.
Info (332102): Design is not fully constrained for setup requirements
Info (332102): Design is not fully constrained for hold requirements
Info: Quartus II 64-Bit TimeQuest Timing Analyzer was successful. 0 errors, 4 warnings
    Info: Peak virtual memory: 421 megabytes
    Info: Processing ended: Fri Mar 24 00:11:04 2017
    Info: Elapsed time: 00:00:02
    Info: Total CPU time (on all processors): 00:00:01


